{"C:\\Users\\Localuser\\Documents\\course backend\\from git\\invoice pdf and upload image\\car-rental-be\\index.js": {"path":"C:\\Users\\Localuser\\Documents\\course backend\\from git\\invoice pdf and upload image\\car-rental-be\\index.js","statementMap":{"0":{"start":{"line":1,"column":16},"end":{"line":2,"column":39}},"1":{"start":{"line":3,"column":0},"end":{"line":3,"column":41}},"2":{"start":{"line":4,"column":16},"end":{"line":4,"column":34}},"3":{"start":{"line":5,"column":12},"end":{"line":5,"column":21}},"4":{"start":{"line":6,"column":13},"end":{"line":6,"column":28}},"5":{"start":{"line":7,"column":13},"end":{"line":7,"column":28}},"6":{"start":{"line":8,"column":15},"end":{"line":8,"column":38}},"7":{"start":{"line":9,"column":21},"end":{"line":9,"column":62}},"8":{"start":{"line":11,"column":24},"end":{"line":11,"column":35}},"9":{"start":{"line":16,"column":0},"end":{"line":16,"column":32}},"10":{"start":{"line":18,"column":0},"end":{"line":18,"column":15}},"11":{"start":{"line":19,"column":0},"end":{"line":19,"column":24}},"12":{"start":{"line":21,"column":0},"end":{"line":21,"column":70}},"13":{"start":{"line":23,"column":0},"end":{"line":25,"column":2}},"14":{"start":{"line":24,"column":2},"end":{"line":24,"column":40}},"15":{"start":{"line":27,"column":0},"end":{"line":27,"column":26}},"16":{"start":{"line":30,"column":0},"end":{"line":30,"column":21}},"17":{"start":{"line":32,"column":0},"end":{"line":34,"column":2}},"18":{"start":{"line":33,"column":2},"end":{"line":33,"column":58}},"19":{"start":{"line":36,"column":15},"end":{"line":38,"column":2}},"20":{"start":{"line":37,"column":2},"end":{"line":37,"column":65}},"21":{"start":{"line":40,"column":0},"end":{"line":40,"column":24}}},"fnMap":{"0":{"name":"(anonymous_0)","decl":{"start":{"line":23,"column":13},"end":{"line":23,"column":14}},"loc":{"start":{"line":23,"column":33},"end":{"line":25,"column":1}},"line":23},"1":{"name":"(anonymous_1)","decl":{"start":{"line":32,"column":8},"end":{"line":32,"column":9}},"loc":{"start":{"line":32,"column":28},"end":{"line":34,"column":1}},"line":32},"2":{"name":"(anonymous_2)","decl":{"start":{"line":36,"column":32},"end":{"line":36,"column":33}},"loc":{"start":{"line":36,"column":38},"end":{"line":38,"column":1}},"line":36}},"branchMap":{"0":{"loc":{"start":{"line":1,"column":16},"end":{"line":2,"column":39}},"type":"cond-expr","locations":[{"start":{"line":2,"column":0},"end":{"line":2,"column":6}},{"start":{"line":2,"column":9},"end":{"line":2,"column":39}}],"line":1},"1":{"loc":{"start":{"line":11,"column":8},"end":{"line":11,"column":19}},"type":"default-arg","locations":[{"start":{"line":11,"column":15},"end":{"line":11,"column":19}}],"line":11}},"s":{"0":1,"1":1,"2":1,"3":1,"4":1,"5":1,"6":1,"7":1,"8":1,"9":1,"10":1,"11":1,"12":1,"13":1,"14":0,"15":1,"16":1,"17":1,"18":0,"19":1,"20":1,"21":1},"f":{"0":0,"1":0,"2":1},"b":{"0":[0,1],"1":[1]},"_coverageSchema":"1a1c01bbd47fc00a2c39e90264f33305004495a9","hash":"e163b97cf70cbf6e56f5f93cfeacaba7f41da10e"}
,"C:\\Users\\Localuser\\Documents\\course backend\\from git\\invoice pdf and upload image\\car-rental-be\\src\\controllers\\base.js": {"path":"C:\\Users\\Localuser\\Documents\\course backend\\from git\\invoice pdf and upload image\\car-rental-be\\src\\controllers\\base.js","statementMap":{"0":{"start":{"line":2,"column":24},"end":{"line":2,"column":63}},"1":{"start":{"line":3,"column":19},"end":{"line":3,"column":55}},"2":{"start":{"line":4,"column":35},"end":{"line":4,"column":61}},"3":{"start":{"line":5,"column":19},"end":{"line":5,"column":44}},"4":{"start":{"line":9,"column":4},"end":{"line":9,"column":23}},"5":{"start":{"line":10,"column":4},"end":{"line":10,"column":33}},"6":{"start":{"line":13,"column":11},"end":{"line":59,"column":3}},"7":{"start":{"line":14,"column":4},"end":{"line":58,"column":5}},"8":{"start":{"line":21,"column":10},"end":{"line":21,"column":19}},"9":{"start":{"line":24,"column":6},"end":{"line":24,"column":51}},"10":{"start":{"line":24,"column":17},"end":{"line":24,"column":51}},"11":{"start":{"line":25,"column":6},"end":{"line":30,"column":7}},"12":{"start":{"line":26,"column":8},"end":{"line":29,"column":9}},"13":{"start":{"line":32,"column":35},"end":{"line":40,"column":8}},"14":{"start":{"line":42,"column":6},"end":{"line":55,"column":8}},"15":{"start":{"line":57,"column":6},"end":{"line":57,"column":33}},"16":{"start":{"line":61,"column":8},"end":{"line":78,"column":3}},"17":{"start":{"line":62,"column":4},"end":{"line":77,"column":5}},"18":{"start":{"line":63,"column":21},"end":{"line":63,"column":31}},"19":{"start":{"line":64,"column":23},"end":{"line":64,"column":51}},"20":{"start":{"line":65,"column":6},"end":{"line":67,"column":7}},"21":{"start":{"line":66,"column":8},"end":{"line":66,"column":80}},"22":{"start":{"line":68,"column":6},"end":{"line":74,"column":8}},"23":{"start":{"line":76,"column":6},"end":{"line":76,"column":33}},"24":{"start":{"line":80,"column":11},"end":{"line":99,"column":3}},"25":{"start":{"line":81,"column":4},"end":{"line":98,"column":5}},"26":{"start":{"line":82,"column":19},"end":{"line":86,"column":7}},"27":{"start":{"line":87,"column":23},"end":{"line":87,"column":49}},"28":{"start":{"line":89,"column":6},"end":{"line":95,"column":8}},"29":{"start":{"line":97,"column":6},"end":{"line":97,"column":33}},"30":{"start":{"line":101,"column":11},"end":{"line":128,"column":3}},"31":{"start":{"line":102,"column":19},"end":{"line":102,"column":29}},"32":{"start":{"line":103,"column":4},"end":{"line":127,"column":5}},"33":{"start":{"line":104,"column":19},"end":{"line":108,"column":7}},"34":{"start":{"line":109,"column":23},"end":{"line":109,"column":56}},"35":{"start":{"line":111,"column":6},"end":{"line":117,"column":8}},"36":{"start":{"line":120,"column":6},"end":{"line":124,"column":7}},"37":{"start":{"line":121,"column":8},"end":{"line":123,"column":9}},"38":{"start":{"line":122,"column":10},"end":{"line":122,"column":78}},"39":{"start":{"line":126,"column":6},"end":{"line":126,"column":33}},"40":{"start":{"line":130,"column":11},"end":{"line":151,"column":3}},"41":{"start":{"line":131,"column":19},"end":{"line":131,"column":29}},"42":{"start":{"line":132,"column":4},"end":{"line":150,"column":5}},"43":{"start":{"line":133,"column":23},"end":{"line":133,"column":50}},"44":{"start":{"line":135,"column":6},"end":{"line":141,"column":8}},"45":{"start":{"line":144,"column":6},"end":{"line":148,"column":7}},"46":{"start":{"line":145,"column":8},"end":{"line":147,"column":9}},"47":{"start":{"line":146,"column":10},"end":{"line":146,"column":78}},"48":{"start":{"line":149,"column":6},"end":{"line":149,"column":33}},"49":{"start":{"line":153,"column":11},"end":{"line":174,"column":3}},"50":{"start":{"line":154,"column":4},"end":{"line":173,"column":5}},"51":{"start":{"line":160,"column":10},"end":{"line":160,"column":19}},"52":{"start":{"line":162,"column":35},"end":{"line":170,"column":10}},"53":{"start":{"line":172,"column":6},"end":{"line":172,"column":41}},"54":{"start":{"line":176,"column":11},"end":{"line":206,"column":3}},"55":{"start":{"line":177,"column":4},"end":{"line":205,"column":5}},"56":{"start":{"line":178,"column":23},"end":{"line":178,"column":26}},"57":{"start":{"line":179,"column":26},"end":{"line":182,"column":7}},"58":{"start":{"line":184,"column":6},"end":{"line":186,"column":7}},"59":{"start":{"line":185,"column":8},"end":{"line":185,"column":60}},"60":{"start":{"line":188,"column":19},"end":{"line":188,"column":33}},"61":{"start":{"line":190,"column":6},"end":{"line":190,"column":82}},"62":{"start":{"line":190,"column":18},"end":{"line":190,"column":81}},"63":{"start":{"line":192,"column":25},"end":{"line":192,"column":55}},"64":{"start":{"line":194,"column":6},"end":{"line":201,"column":8}},"65":{"start":{"line":203,"column":6},"end":{"line":203,"column":20}},"66":{"start":{"line":204,"column":6},"end":{"line":204,"column":51}},"67":{"start":{"line":212,"column":17},"end":{"line":221,"column":3}},"68":{"start":{"line":213,"column":14},"end":{"line":216,"column":5}},"69":{"start":{"line":218,"column":4},"end":{"line":220,"column":5}},"70":{"start":{"line":219,"column":37},"end":{"line":219,"column":47}},"71":{"start":{"line":224,"column":4},"end":{"line":230,"column":6}},"72":{"start":{"line":234,"column":0},"end":{"line":234,"column":32}}},"fnMap":{"0":{"name":"(anonymous_0)","decl":{"start":{"line":8,"column":2},"end":{"line":8,"column":3}},"loc":{"start":{"line":8,"column":21},"end":{"line":11,"column":3}},"line":8},"1":{"name":"(anonymous_1)","decl":{"start":{"line":13,"column":11},"end":{"line":13,"column":12}},"loc":{"start":{"line":13,"column":37},"end":{"line":59,"column":3}},"line":13},"2":{"name":"(anonymous_2)","decl":{"start":{"line":61,"column":8},"end":{"line":61,"column":9}},"loc":{"start":{"line":61,"column":34},"end":{"line":78,"column":3}},"line":61},"3":{"name":"(anonymous_3)","decl":{"start":{"line":80,"column":11},"end":{"line":80,"column":12}},"loc":{"start":{"line":80,"column":37},"end":{"line":99,"column":3}},"line":80},"4":{"name":"(anonymous_4)","decl":{"start":{"line":101,"column":11},"end":{"line":101,"column":12}},"loc":{"start":{"line":101,"column":37},"end":{"line":128,"column":3}},"line":101},"5":{"name":"(anonymous_5)","decl":{"start":{"line":130,"column":11},"end":{"line":130,"column":12}},"loc":{"start":{"line":130,"column":37},"end":{"line":151,"column":3}},"line":130},"6":{"name":"(anonymous_6)","decl":{"start":{"line":153,"column":11},"end":{"line":153,"column":12}},"loc":{"start":{"line":153,"column":22},"end":{"line":174,"column":3}},"line":153},"7":{"name":"(anonymous_7)","decl":{"start":{"line":154,"column":11},"end":{"line":154,"column":12}},"loc":{"start":{"line":154,"column":36},"end":{"line":173,"column":5}},"line":154},"8":{"name":"(anonymous_8)","decl":{"start":{"line":176,"column":11},"end":{"line":176,"column":12}},"loc":{"start":{"line":176,"column":36},"end":{"line":206,"column":3}},"line":176},"9":{"name":"(anonymous_9)","decl":{"start":{"line":212,"column":17},"end":{"line":212,"column":18}},"loc":{"start":{"line":212,"column":29},"end":{"line":221,"column":3}},"line":212},"10":{"name":"(anonymous_10)","decl":{"start":{"line":219,"column":31},"end":{"line":219,"column":32}},"loc":{"start":{"line":219,"column":37},"end":{"line":219,"column":47}},"line":219},"11":{"name":"(anonymous_11)","decl":{"start":{"line":223,"column":2},"end":{"line":223,"column":3}},"loc":{"start":{"line":223,"column":55},"end":{"line":231,"column":3}},"line":223}},"branchMap":{"0":{"loc":{"start":{"line":16,"column":8},"end":{"line":16,"column":28}},"type":"default-arg","locations":[{"start":{"line":16,"column":17},"end":{"line":16,"column":28}}],"line":16},"1":{"loc":{"start":{"line":17,"column":8},"end":{"line":17,"column":21}},"type":"default-arg","locations":[{"start":{"line":17,"column":15},"end":{"line":17,"column":21}}],"line":17},"2":{"loc":{"start":{"line":18,"column":8},"end":{"line":18,"column":16}},"type":"default-arg","locations":[{"start":{"line":18,"column":15},"end":{"line":18,"column":16}}],"line":18},"3":{"loc":{"start":{"line":19,"column":8},"end":{"line":19,"column":18}},"type":"default-arg","locations":[{"start":{"line":19,"column":16},"end":{"line":19,"column":18}}],"line":19},"4":{"loc":{"start":{"line":20,"column":8},"end":{"line":20,"column":26}},"type":"default-arg","locations":[{"start":{"line":20,"column":17},"end":{"line":20,"column":26}}],"line":20},"5":{"loc":{"start":{"line":24,"column":6},"end":{"line":24,"column":51}},"type":"if","locations":[{"start":{"line":24,"column":6},"end":{"line":24,"column":51}},{"start":{},"end":{}}],"line":24},"6":{"loc":{"start":{"line":25,"column":6},"end":{"line":30,"column":7}},"type":"if","locations":[{"start":{"line":25,"column":6},"end":{"line":30,"column":7}},{"start":{},"end":{}}],"line":25},"7":{"loc":{"start":{"line":65,"column":6},"end":{"line":67,"column":7}},"type":"if","locations":[{"start":{"line":65,"column":6},"end":{"line":67,"column":7}},{"start":{},"end":{}}],"line":65},"8":{"loc":{"start":{"line":120,"column":6},"end":{"line":124,"column":7}},"type":"if","locations":[{"start":{"line":120,"column":6},"end":{"line":124,"column":7}},{"start":{},"end":{}}],"line":120},"9":{"loc":{"start":{"line":121,"column":8},"end":{"line":123,"column":9}},"type":"if","locations":[{"start":{"line":121,"column":8},"end":{"line":123,"column":9}},{"start":{},"end":{}}],"line":121},"10":{"loc":{"start":{"line":144,"column":6},"end":{"line":148,"column":7}},"type":"if","locations":[{"start":{"line":144,"column":6},"end":{"line":148,"column":7}},{"start":{},"end":{}}],"line":144},"11":{"loc":{"start":{"line":145,"column":8},"end":{"line":147,"column":9}},"type":"if","locations":[{"start":{"line":145,"column":8},"end":{"line":147,"column":9}},{"start":{},"end":{}}],"line":145},"12":{"loc":{"start":{"line":156,"column":8},"end":{"line":156,"column":28}},"type":"default-arg","locations":[{"start":{"line":156,"column":17},"end":{"line":156,"column":28}}],"line":156},"13":{"loc":{"start":{"line":157,"column":8},"end":{"line":157,"column":21}},"type":"default-arg","locations":[{"start":{"line":157,"column":15},"end":{"line":157,"column":21}}],"line":157},"14":{"loc":{"start":{"line":158,"column":8},"end":{"line":158,"column":16}},"type":"default-arg","locations":[{"start":{"line":158,"column":15},"end":{"line":158,"column":16}}],"line":158},"15":{"loc":{"start":{"line":159,"column":8},"end":{"line":159,"column":18}},"type":"default-arg","locations":[{"start":{"line":159,"column":16},"end":{"line":159,"column":18}}],"line":159},"16":{"loc":{"start":{"line":184,"column":6},"end":{"line":186,"column":7}},"type":"if","locations":[{"start":{"line":184,"column":6},"end":{"line":186,"column":7}},{"start":{},"end":{}}],"line":184},"17":{"loc":{"start":{"line":190,"column":6},"end":{"line":190,"column":82}},"type":"if","locations":[{"start":{"line":190,"column":6},"end":{"line":190,"column":82}},{"start":{},"end":{}}],"line":190},"18":{"loc":{"start":{"line":229,"column":10},"end":{"line":229,"column":34}},"type":"binary-expr","locations":[{"start":{"line":229,"column":10},"end":{"line":229,"column":20}},{"start":{"line":229,"column":24},"end":{"line":229,"column":34}}],"line":229}},"s":{"0":1,"1":1,"2":1,"3":1,"4":5,"5":5,"6":5,"7":0,"8":0,"9":0,"10":0,"11":0,"12":0,"13":0,"14":0,"15":0,"16":5,"17":0,"18":0,"19":0,"20":0,"21":0,"22":0,"23":0,"24":5,"25":0,"26":0,"27":0,"28":0,"29":0,"30":5,"31":0,"32":0,"33":0,"34":0,"35":0,"36":0,"37":0,"38":0,"39":0,"40":5,"41":0,"42":0,"43":0,"44":0,"45":0,"46":0,"47":0,"48":0,"49":5,"50":1,"51":0,"52":0,"53":0,"54":5,"55":0,"56":0,"57":0,"58":0,"59":0,"60":0,"61":0,"62":0,"63":0,"64":0,"65":0,"66":0,"67":5,"68":0,"69":0,"70":0,"71":2,"72":1},"f":{"0":5,"1":0,"2":0,"3":0,"4":0,"5":0,"6":1,"7":0,"8":0,"9":0,"10":0,"11":2},"b":{"0":[0],"1":[0],"2":[0],"3":[0],"4":[0],"5":[0,0],"6":[0,0],"7":[0,0],"8":[0,0],"9":[0,0],"10":[0,0],"11":[0,0],"12":[0],"13":[0],"14":[0],"15":[0],"16":[0,0],"17":[0,0],"18":[2,0]},"_coverageSchema":"1a1c01bbd47fc00a2c39e90264f33305004495a9","hash":"af346fe1875ac0f259c26f3f2fcf852d83104294"}
,"C:\\Users\\Localuser\\Documents\\course backend\\from git\\invoice pdf and upload image\\car-rental-be\\src\\controllers\\index.js": {"path":"C:\\Users\\Localuser\\Documents\\course backend\\from git\\invoice pdf and upload image\\car-rental-be\\src\\controllers\\index.js","statementMap":{"0":{"start":{"line":1,"column":13},"end":{"line":1,"column":30}},"1":{"start":{"line":2,"column":14},"end":{"line":2,"column":32}},"2":{"start":{"line":3,"column":13},"end":{"line":3,"column":30}},"3":{"start":{"line":4,"column":14},"end":{"line":4,"column":32}},"4":{"start":{"line":5,"column":15},"end":{"line":5,"column":34}},"5":{"start":{"line":7,"column":0},"end":{"line":13,"column":1}}},"fnMap":{},"branchMap":{},"s":{"0":1,"1":1,"2":1,"3":1,"4":1,"5":1},"f":{},"b":{},"_coverageSchema":"1a1c01bbd47fc00a2c39e90264f33305004495a9","hash":"53f041119c389fed1805a317c874bb44e53b8552"}
,"C:\\Users\\Localuser\\Documents\\course backend\\from git\\invoice pdf and upload image\\car-rental-be\\src\\controllers\\auth\\index.js": {"path":"C:\\Users\\Localuser\\Documents\\course backend\\from git\\invoice pdf and upload image\\car-rental-be\\src\\controllers\\auth\\index.js","statementMap":{"0":{"start":{"line":1,"column":12},"end":{"line":1,"column":26}},"1":{"start":{"line":2,"column":16},"end":{"line":2,"column":34}},"2":{"start":{"line":4,"column":23},"end":{"line":4,"column":41}},"3":{"start":{"line":5,"column":18},"end":{"line":5,"column":46}},"4":{"start":{"line":6,"column":43},"end":{"line":6,"column":74}},"5":{"start":{"line":7,"column":24},"end":{"line":7,"column":52}},"6":{"start":{"line":8,"column":15},"end":{"line":8,"column":31}},"7":{"start":{"line":10,"column":13},"end":{"line":10,"column":28}},"8":{"start":{"line":12,"column":21},"end":{"line":24,"column":2}},"9":{"start":{"line":26,"column":21},"end":{"line":29,"column":2}},"10":{"start":{"line":33,"column":4},"end":{"line":33,"column":17}},"11":{"start":{"line":34,"column":4},"end":{"line":34,"column":71}},"12":{"start":{"line":35,"column":4},"end":{"line":35,"column":71}},"13":{"start":{"line":38,"column":11},"end":{"line":72,"column":3}},"14":{"start":{"line":39,"column":4},"end":{"line":71,"column":5}},"15":{"start":{"line":40,"column":34},"end":{"line":40,"column":42}},"16":{"start":{"line":41,"column":19},"end":{"line":41,"column":64}},"17":{"start":{"line":43,"column":6},"end":{"line":43,"column":79}},"18":{"start":{"line":43,"column":17},"end":{"line":43,"column":79}},"19":{"start":{"line":45,"column":22},"end":{"line":45,"column":66}},"20":{"start":{"line":47,"column":6},"end":{"line":48,"column":70}},"21":{"start":{"line":48,"column":8},"end":{"line":48,"column":70}},"22":{"start":{"line":50,"column":20},"end":{"line":52,"column":8}},"23":{"start":{"line":54,"column":6},"end":{"line":68,"column":8}},"24":{"start":{"line":70,"column":6},"end":{"line":70,"column":31}},"25":{"start":{"line":74,"column":11},"end":{"line":104,"column":3}},"26":{"start":{"line":75,"column":4},"end":{"line":103,"column":5}},"27":{"start":{"line":76,"column":34},"end":{"line":76,"column":42}},"28":{"start":{"line":77,"column":19},"end":{"line":77,"column":64}},"29":{"start":{"line":79,"column":6},"end":{"line":79,"column":73}},"30":{"start":{"line":79,"column":16},"end":{"line":79,"column":73}},"31":{"start":{"line":81,"column":22},"end":{"line":85,"column":8}},"32":{"start":{"line":87,"column":6},"end":{"line":100,"column":8}},"33":{"start":{"line":102,"column":6},"end":{"line":102,"column":31}},"34":{"start":{"line":107,"column":0},"end":{"line":107,"column":25}},"35":{"start":{"line":109,"column":0},"end":{"line":109,"column":24}}},"fnMap":{"0":{"name":"(anonymous_0)","decl":{"start":{"line":32,"column":2},"end":{"line":32,"column":3}},"loc":{"start":{"line":32,"column":21},"end":{"line":36,"column":3}},"line":32},"1":{"name":"(anonymous_1)","decl":{"start":{"line":38,"column":11},"end":{"line":38,"column":12}},"loc":{"start":{"line":38,"column":37},"end":{"line":72,"column":3}},"line":38},"2":{"name":"(anonymous_2)","decl":{"start":{"line":74,"column":11},"end":{"line":74,"column":12}},"loc":{"start":{"line":74,"column":37},"end":{"line":104,"column":3}},"line":74}},"branchMap":{"0":{"loc":{"start":{"line":43,"column":6},"end":{"line":43,"column":79}},"type":"if","locations":[{"start":{"line":43,"column":6},"end":{"line":43,"column":79}},{"start":{},"end":{}}],"line":43},"1":{"loc":{"start":{"line":47,"column":6},"end":{"line":48,"column":70}},"type":"if","locations":[{"start":{"line":47,"column":6},"end":{"line":48,"column":70}},{"start":{},"end":{}}],"line":47},"2":{"loc":{"start":{"line":79,"column":6},"end":{"line":79,"column":73}},"type":"if","locations":[{"start":{"line":79,"column":6},"end":{"line":79,"column":73}},{"start":{},"end":{}}],"line":79}},"s":{"0":1,"1":1,"2":1,"3":1,"4":1,"5":1,"6":1,"7":1,"8":1,"9":1,"10":1,"11":1,"12":1,"13":1,"14":2,"15":2,"16":2,"17":2,"18":1,"19":1,"20":1,"21":0,"22":1,"23":1,"24":0,"25":1,"26":2,"27":2,"28":2,"29":2,"30":1,"31":1,"32":1,"33":0,"34":1,"35":1},"f":{"0":1,"1":2,"2":2},"b":{"0":[1,1],"1":[0,1],"2":[1,1]},"_coverageSchema":"1a1c01bbd47fc00a2c39e90264f33305004495a9","hash":"b37c9ed66190f507c16db2ee23ccad5cfe872587"}
,"C:\\Users\\Localuser\\Documents\\course backend\\from git\\invoice pdf and upload image\\car-rental-be\\src\\controllers\\cars\\index.js": {"path":"C:\\Users\\Localuser\\Documents\\course backend\\from git\\invoice pdf and upload image\\car-rental-be\\src\\controllers\\cars\\index.js","statementMap":{"0":{"start":{"line":1,"column":12},"end":{"line":1,"column":26}},"1":{"start":{"line":3,"column":23},"end":{"line":3,"column":41}},"2":{"start":{"line":4,"column":17},"end":{"line":4,"column":45}},"3":{"start":{"line":5,"column":16},"end":{"line":5,"column":34}},"4":{"start":{"line":6,"column":33},"end":{"line":6,"column":75}},"5":{"start":{"line":7,"column":19},"end":{"line":7,"column":54}},"6":{"start":{"line":8,"column":13},"end":{"line":8,"column":29}},"7":{"start":{"line":9,"column":13},"end":{"line":9,"column":46}},"8":{"start":{"line":11,"column":13},"end":{"line":11,"column":27}},"9":{"start":{"line":13,"column":18},"end":{"line":27,"column":2}},"10":{"start":{"line":31,"column":4},"end":{"line":31,"column":17}},"11":{"start":{"line":32,"column":4},"end":{"line":32,"column":61}},"12":{"start":{"line":33,"column":4},"end":{"line":33,"column":52}},"13":{"start":{"line":34,"column":4},"end":{"line":34,"column":96}},"14":{"start":{"line":35,"column":4},"end":{"line":35,"column":54}},"15":{"start":{"line":36,"column":4},"end":{"line":36,"column":63}},"16":{"start":{"line":37,"column":4},"end":{"line":37,"column":33}},"17":{"start":{"line":38,"column":4},"end":{"line":38,"column":97}},"18":{"start":{"line":39,"column":4},"end":{"line":39,"column":72}},"19":{"start":{"line":64,"column":17},"end":{"line":89,"column":3}},"20":{"start":{"line":65,"column":17},"end":{"line":65,"column":19}},"21":{"start":{"line":66,"column":4},"end":{"line":66,"column":26}},"22":{"start":{"line":67,"column":4},"end":{"line":69,"column":5}},"23":{"start":{"line":68,"column":6},"end":{"line":68,"column":55}},"24":{"start":{"line":70,"column":4},"end":{"line":72,"column":5}},"25":{"start":{"line":71,"column":6},"end":{"line":71,"column":43}},"26":{"start":{"line":73,"column":4},"end":{"line":75,"column":5}},"27":{"start":{"line":74,"column":6},"end":{"line":74,"column":53}},"28":{"start":{"line":76,"column":4},"end":{"line":78,"column":5}},"29":{"start":{"line":77,"column":6},"end":{"line":77,"column":53}},"30":{"start":{"line":79,"column":4},"end":{"line":81,"column":5}},"31":{"start":{"line":80,"column":6},"end":{"line":80,"column":55}},"32":{"start":{"line":82,"column":4},"end":{"line":84,"column":5}},"33":{"start":{"line":83,"column":6},"end":{"line":83,"column":55}},"34":{"start":{"line":86,"column":4},"end":{"line":86,"column":42}},"35":{"start":{"line":86,"column":22},"end":{"line":86,"column":42}},"36":{"start":{"line":88,"column":4},"end":{"line":88,"column":10}},"37":{"start":{"line":92,"column":0},"end":{"line":92,"column":25}},"38":{"start":{"line":94,"column":0},"end":{"line":94,"column":23}}},"fnMap":{"0":{"name":"(anonymous_0)","decl":{"start":{"line":30,"column":2},"end":{"line":30,"column":3}},"loc":{"start":{"line":30,"column":21},"end":{"line":40,"column":3}},"line":30},"1":{"name":"(anonymous_1)","decl":{"start":{"line":64,"column":17},"end":{"line":64,"column":18}},"loc":{"start":{"line":64,"column":37},"end":{"line":89,"column":3}},"line":64}},"branchMap":{"0":{"loc":{"start":{"line":67,"column":4},"end":{"line":69,"column":5}},"type":"if","locations":[{"start":{"line":67,"column":4},"end":{"line":69,"column":5}},{"start":{},"end":{}}],"line":67},"1":{"loc":{"start":{"line":70,"column":4},"end":{"line":72,"column":5}},"type":"if","locations":[{"start":{"line":70,"column":4},"end":{"line":72,"column":5}},{"start":{},"end":{}}],"line":70},"2":{"loc":{"start":{"line":73,"column":4},"end":{"line":75,"column":5}},"type":"if","locations":[{"start":{"line":73,"column":4},"end":{"line":75,"column":5}},{"start":{},"end":{}}],"line":73},"3":{"loc":{"start":{"line":76,"column":4},"end":{"line":78,"column":5}},"type":"if","locations":[{"start":{"line":76,"column":4},"end":{"line":78,"column":5}},{"start":{},"end":{}}],"line":76},"4":{"loc":{"start":{"line":79,"column":4},"end":{"line":81,"column":5}},"type":"if","locations":[{"start":{"line":79,"column":4},"end":{"line":81,"column":5}},{"start":{},"end":{}}],"line":79},"5":{"loc":{"start":{"line":82,"column":4},"end":{"line":84,"column":5}},"type":"if","locations":[{"start":{"line":82,"column":4},"end":{"line":84,"column":5}},{"start":{},"end":{}}],"line":82},"6":{"loc":{"start":{"line":86,"column":4},"end":{"line":86,"column":42}},"type":"if","locations":[{"start":{"line":86,"column":4},"end":{"line":86,"column":42}},{"start":{},"end":{}}],"line":86}},"s":{"0":1,"1":1,"2":1,"3":1,"4":1,"5":1,"6":1,"7":1,"8":1,"9":1,"10":1,"11":1,"12":1,"13":1,"14":1,"15":1,"16":1,"17":1,"18":1,"19":1,"20":0,"21":0,"22":0,"23":0,"24":0,"25":0,"26":0,"27":0,"28":0,"29":0,"30":0,"31":0,"32":0,"33":0,"34":0,"35":0,"36":0,"37":1,"38":1},"f":{"0":1,"1":0},"b":{"0":[0,0],"1":[0,0],"2":[0,0],"3":[0,0],"4":[0,0],"5":[0,0],"6":[0,0]},"_coverageSchema":"1a1c01bbd47fc00a2c39e90264f33305004495a9","hash":"031b856664f75eda09a97a967808e465767f1fc1"}
,"C:\\Users\\Localuser\\Documents\\course backend\\from git\\invoice pdf and upload image\\car-rental-be\\src\\controllers\\order\\index.js": {"path":"C:\\Users\\Localuser\\Documents\\course backend\\from git\\invoice pdf and upload image\\car-rental-be\\src\\controllers\\order\\index.js","statementMap":{"0":{"start":{"line":1,"column":12},"end":{"line":1,"column":26}},"1":{"start":{"line":2,"column":16},"end":{"line":2,"column":34}},"2":{"start":{"line":4,"column":23},"end":{"line":4,"column":41}},"3":{"start":{"line":5,"column":19},"end":{"line":5,"column":48}},"4":{"start":{"line":6,"column":18},"end":{"line":6,"column":46}},"5":{"start":{"line":7,"column":33},"end":{"line":7,"column":75}},"6":{"start":{"line":8,"column":24},"end":{"line":8,"column":66}},"7":{"start":{"line":9,"column":26},"end":{"line":9,"column":64}},"8":{"start":{"line":10,"column":15},"end":{"line":10,"column":31}},"9":{"start":{"line":12,"column":14},"end":{"line":12,"column":30}},"10":{"start":{"line":13,"column":13},"end":{"line":13,"column":28}},"11":{"start":{"line":15,"column":20},"end":{"line":20,"column":2}},"12":{"start":{"line":24,"column":4},"end":{"line":24,"column":17}},"13":{"start":{"line":25,"column":4},"end":{"line":25,"column":33}},"14":{"start":{"line":26,"column":4},"end":{"line":26,"column":75}},"15":{"start":{"line":27,"column":4},"end":{"line":27,"column":64}},"16":{"start":{"line":28,"column":4},"end":{"line":28,"column":56}},"17":{"start":{"line":34,"column":11},"end":{"line":103,"column":3}},"18":{"start":{"line":35,"column":4},"end":{"line":102,"column":5}},"19":{"start":{"line":36,"column":22},"end":{"line":45,"column":8}},"20":{"start":{"line":47,"column":6},"end":{"line":48,"column":79}},"21":{"start":{"line":48,"column":8},"end":{"line":48,"column":79}},"22":{"start":{"line":50,"column":32},"end":{"line":56,"column":8}},"23":{"start":{"line":57,"column":6},"end":{"line":57,"column":49}},"24":{"start":{"line":58,"column":26},"end":{"line":58,"column":36}},"25":{"start":{"line":59,"column":24},"end":{"line":59,"column":53}},"26":{"start":{"line":60,"column":22},"end":{"line":60,"column":49}},"27":{"start":{"line":62,"column":8},"end":{"line":62,"column":69}},"28":{"start":{"line":63,"column":24},"end":{"line":65,"column":58}},"29":{"start":{"line":67,"column":34},"end":{"line":90,"column":8}},"30":{"start":{"line":92,"column":6},"end":{"line":99,"column":8}},"31":{"start":{"line":101,"column":6},"end":{"line":101,"column":25}},"32":{"start":{"line":105,"column":12},"end":{"line":130,"column":3}},"33":{"start":{"line":106,"column":19},"end":{"line":106,"column":29}},"34":{"start":{"line":107,"column":4},"end":{"line":129,"column":5}},"35":{"start":{"line":108,"column":26},"end":{"line":108,"column":34}},"36":{"start":{"line":109,"column":20},"end":{"line":109,"column":48}},"37":{"start":{"line":111,"column":6},"end":{"line":113,"column":7}},"38":{"start":{"line":112,"column":8},"end":{"line":112,"column":62}},"39":{"start":{"line":115,"column":24},"end":{"line":117,"column":8}},"40":{"start":{"line":119,"column":6},"end":{"line":126,"column":8}},"41":{"start":{"line":128,"column":6},"end":{"line":128,"column":25}},"42":{"start":{"line":132,"column":20},"end":{"line":167,"column":3}},"43":{"start":{"line":133,"column":19},"end":{"line":133,"column":29}},"44":{"start":{"line":134,"column":4},"end":{"line":166,"column":5}},"45":{"start":{"line":135,"column":20},"end":{"line":157,"column":8}},"46":{"start":{"line":159,"column":6},"end":{"line":161,"column":7}},"47":{"start":{"line":160,"column":8},"end":{"line":160,"column":60}},"48":{"start":{"line":163,"column":6},"end":{"line":163,"column":32}},"49":{"start":{"line":165,"column":6},"end":{"line":165,"column":25}},"50":{"start":{"line":170,"column":0},"end":{"line":170,"column":27}},"51":{"start":{"line":172,"column":0},"end":{"line":172,"column":24}}},"fnMap":{"0":{"name":"(anonymous_0)","decl":{"start":{"line":23,"column":2},"end":{"line":23,"column":3}},"loc":{"start":{"line":23,"column":21},"end":{"line":32,"column":3}},"line":23},"1":{"name":"(anonymous_1)","decl":{"start":{"line":34,"column":11},"end":{"line":34,"column":12}},"loc":{"start":{"line":34,"column":37},"end":{"line":103,"column":3}},"line":34},"2":{"name":"(anonymous_2)","decl":{"start":{"line":105,"column":12},"end":{"line":105,"column":13}},"loc":{"start":{"line":105,"column":38},"end":{"line":130,"column":3}},"line":105},"3":{"name":"(anonymous_3)","decl":{"start":{"line":132,"column":20},"end":{"line":132,"column":21}},"loc":{"start":{"line":132,"column":46},"end":{"line":167,"column":3}},"line":132}},"branchMap":{"0":{"loc":{"start":{"line":47,"column":6},"end":{"line":48,"column":79}},"type":"if","locations":[{"start":{"line":47,"column":6},"end":{"line":48,"column":79}},{"start":{},"end":{}}],"line":47},"1":{"loc":{"start":{"line":111,"column":6},"end":{"line":113,"column":7}},"type":"if","locations":[{"start":{"line":111,"column":6},"end":{"line":113,"column":7}},{"start":{},"end":{}}],"line":111},"2":{"loc":{"start":{"line":159,"column":6},"end":{"line":161,"column":7}},"type":"if","locations":[{"start":{"line":159,"column":6},"end":{"line":161,"column":7}},{"start":{},"end":{}}],"line":159}},"s":{"0":1,"1":1,"2":1,"3":1,"4":1,"5":1,"6":1,"7":1,"8":1,"9":1,"10":1,"11":1,"12":1,"13":1,"14":1,"15":1,"16":1,"17":1,"18":0,"19":0,"20":0,"21":0,"22":0,"23":0,"24":0,"25":0,"26":0,"27":0,"28":0,"29":0,"30":0,"31":0,"32":1,"33":0,"34":0,"35":0,"36":0,"37":0,"38":0,"39":0,"40":0,"41":0,"42":1,"43":0,"44":0,"45":0,"46":0,"47":0,"48":0,"49":0,"50":1,"51":1},"f":{"0":1,"1":0,"2":0,"3":0},"b":{"0":[0,0],"1":[0,0],"2":[0,0]},"_coverageSchema":"1a1c01bbd47fc00a2c39e90264f33305004495a9","hash":"8ebee17c2166aada1705af74d463dd4cfb27bbe0"}
,"C:\\Users\\Localuser\\Documents\\course backend\\from git\\invoice pdf and upload image\\car-rental-be\\src\\controllers\\upload\\index.js": {"path":"C:\\Users\\Localuser\\Documents\\course backend\\from git\\invoice pdf and upload image\\car-rental-be\\src\\controllers\\upload\\index.js","statementMap":{"0":{"start":{"line":1,"column":23},"end":{"line":1,"column":41}},"1":{"start":{"line":2,"column":16},"end":{"line":2,"column":34}},"2":{"start":{"line":3,"column":25},"end":{"line":3,"column":60}},"3":{"start":{"line":4,"column":21},"end":{"line":4,"column":56}},"4":{"start":{"line":5,"column":15},"end":{"line":5,"column":31}},"5":{"start":{"line":9,"column":4},"end":{"line":9,"column":12}},"6":{"start":{"line":10,"column":4},"end":{"line":10,"column":57}},"7":{"start":{"line":11,"column":4},"end":{"line":11,"column":64}},"8":{"start":{"line":14,"column":11},"end":{"line":56,"column":3}},"9":{"start":{"line":15,"column":4},"end":{"line":55,"column":5}},"10":{"start":{"line":16,"column":23},"end":{"line":16,"column":26}},"11":{"start":{"line":19,"column":26},"end":{"line":26,"column":7}},"12":{"start":{"line":28,"column":6},"end":{"line":30,"column":7}},"13":{"start":{"line":29,"column":8},"end":{"line":29,"column":60}},"14":{"start":{"line":32,"column":25},"end":{"line":32,"column":55}},"15":{"start":{"line":33,"column":26},"end":{"line":33,"column":70}},"16":{"start":{"line":35,"column":25},"end":{"line":37,"column":8}},"17":{"start":{"line":39,"column":6},"end":{"line":52,"column":8}},"18":{"start":{"line":54,"column":6},"end":{"line":54,"column":13}},"19":{"start":{"line":58,"column":15},"end":{"line":89,"column":3}},"20":{"start":{"line":59,"column":4},"end":{"line":88,"column":5}},"21":{"start":{"line":60,"column":23},"end":{"line":60,"column":26}},"22":{"start":{"line":61,"column":26},"end":{"line":68,"column":7}},"23":{"start":{"line":70,"column":6},"end":{"line":72,"column":7}},"24":{"start":{"line":71,"column":8},"end":{"line":71,"column":60}},"25":{"start":{"line":74,"column":24},"end":{"line":74,"column":78}},"26":{"start":{"line":76,"column":6},"end":{"line":85,"column":7}},"27":{"start":{"line":87,"column":6},"end":{"line":87,"column":13}},"28":{"start":{"line":93,"column":0},"end":{"line":93,"column":22}},"29":{"start":{"line":95,"column":0},"end":{"line":95,"column":23}}},"fnMap":{"0":{"name":"(anonymous_0)","decl":{"start":{"line":8,"column":2},"end":{"line":8,"column":3}},"loc":{"start":{"line":8,"column":15},"end":{"line":12,"column":3}},"line":8},"1":{"name":"(anonymous_1)","decl":{"start":{"line":14,"column":11},"end":{"line":14,"column":12}},"loc":{"start":{"line":14,"column":36},"end":{"line":56,"column":3}},"line":14},"2":{"name":"(anonymous_2)","decl":{"start":{"line":58,"column":15},"end":{"line":58,"column":16}},"loc":{"start":{"line":58,"column":40},"end":{"line":89,"column":3}},"line":58}},"branchMap":{"0":{"loc":{"start":{"line":28,"column":6},"end":{"line":30,"column":7}},"type":"if","locations":[{"start":{"line":28,"column":6},"end":{"line":30,"column":7}},{"start":{},"end":{}}],"line":28},"1":{"loc":{"start":{"line":70,"column":6},"end":{"line":72,"column":7}},"type":"if","locations":[{"start":{"line":70,"column":6},"end":{"line":72,"column":7}},{"start":{},"end":{}}],"line":70},"2":{"loc":{"start":{"line":74,"column":24},"end":{"line":74,"column":78}},"type":"binary-expr","locations":[{"start":{"line":74,"column":24},"end":{"line":74,"column":55}},{"start":{"line":74,"column":59},"end":{"line":74,"column":78}}],"line":74}},"s":{"0":1,"1":1,"2":1,"3":1,"4":1,"5":1,"6":1,"7":1,"8":1,"9":0,"10":0,"11":0,"12":0,"13":0,"14":0,"15":0,"16":0,"17":0,"18":0,"19":1,"20":0,"21":0,"22":0,"23":0,"24":0,"25":0,"26":0,"27":0,"28":1,"29":1},"f":{"0":1,"1":0,"2":0},"b":{"0":[0,0],"1":[0,0],"2":[0,0]},"_coverageSchema":"1a1c01bbd47fc00a2c39e90264f33305004495a9","hash":"aa9c95d6f8ba5e19fc4bd8799b94942ff42645ba"}
,"C:\\Users\\Localuser\\Documents\\course backend\\from git\\invoice pdf and upload image\\car-rental-be\\src\\controllers\\users\\index.js": {"path":"C:\\Users\\Localuser\\Documents\\course backend\\from git\\invoice pdf and upload image\\car-rental-be\\src\\controllers\\users\\index.js","statementMap":{"0":{"start":{"line":1,"column":12},"end":{"line":1,"column":26}},"1":{"start":{"line":3,"column":23},"end":{"line":3,"column":41}},"2":{"start":{"line":4,"column":18},"end":{"line":4,"column":46}},"3":{"start":{"line":5,"column":16},"end":{"line":5,"column":34}},"4":{"start":{"line":6,"column":24},"end":{"line":6,"column":66}},"5":{"start":{"line":7,"column":28},"end":{"line":7,"column":59}},"6":{"start":{"line":8,"column":33},"end":{"line":8,"column":75}},"7":{"start":{"line":9,"column":15},"end":{"line":9,"column":31}},"8":{"start":{"line":11,"column":13},"end":{"line":11,"column":28}},"9":{"start":{"line":13,"column":25},"end":{"line":24,"column":2}},"10":{"start":{"line":26,"column":25},"end":{"line":34,"column":2}},"11":{"start":{"line":38,"column":4},"end":{"line":38,"column":17}},"12":{"start":{"line":39,"column":4},"end":{"line":39,"column":33}},"13":{"start":{"line":40,"column":4},"end":{"line":40,"column":113}},"14":{"start":{"line":41,"column":4},"end":{"line":41,"column":33}},"15":{"start":{"line":42,"column":4},"end":{"line":42,"column":104}},"16":{"start":{"line":43,"column":4},"end":{"line":43,"column":39}},"17":{"start":{"line":46,"column":16},"end":{"line":68,"column":3}},"18":{"start":{"line":47,"column":24},"end":{"line":62,"column":6}},"19":{"start":{"line":64,"column":4},"end":{"line":65,"column":78}},"20":{"start":{"line":65,"column":6},"end":{"line":65,"column":78}},"21":{"start":{"line":67,"column":4},"end":{"line":67,"column":10}},"22":{"start":{"line":70,"column":12},"end":{"line":74,"column":3}},"23":{"start":{"line":71,"column":26},"end":{"line":71,"column":66}},"24":{"start":{"line":72,"column":4},"end":{"line":72,"column":38}},"25":{"start":{"line":73,"column":4},"end":{"line":73,"column":10}},"26":{"start":{"line":77,"column":0},"end":{"line":77,"column":25}},"27":{"start":{"line":79,"column":0},"end":{"line":79,"column":24}}},"fnMap":{"0":{"name":"(anonymous_0)","decl":{"start":{"line":37,"column":2},"end":{"line":37,"column":3}},"loc":{"start":{"line":37,"column":21},"end":{"line":44,"column":3}},"line":37},"1":{"name":"(anonymous_1)","decl":{"start":{"line":46,"column":16},"end":{"line":46,"column":17}},"loc":{"start":{"line":46,"column":42},"end":{"line":68,"column":3}},"line":46},"2":{"name":"(anonymous_2)","decl":{"start":{"line":70,"column":12},"end":{"line":70,"column":13}},"loc":{"start":{"line":70,"column":38},"end":{"line":74,"column":3}},"line":70}},"branchMap":{"0":{"loc":{"start":{"line":64,"column":4},"end":{"line":65,"column":78}},"type":"if","locations":[{"start":{"line":64,"column":4},"end":{"line":65,"column":78}},{"start":{},"end":{}}],"line":64}},"s":{"0":1,"1":1,"2":1,"3":1,"4":1,"5":1,"6":1,"7":1,"8":1,"9":1,"10":1,"11":1,"12":1,"13":1,"14":1,"15":1,"16":1,"17":1,"18":0,"19":0,"20":0,"21":0,"22":1,"23":0,"24":0,"25":0,"26":1,"27":1},"f":{"0":1,"1":0,"2":0},"b":{"0":[0,0]},"_coverageSchema":"1a1c01bbd47fc00a2c39e90264f33305004495a9","hash":"f5df363de5394f60dccb91e42ed9fa5d5f607e46"}
,"C:\\Users\\Localuser\\Documents\\course backend\\from git\\invoice pdf and upload image\\car-rental-be\\src\\helpers\\bcrypt.js": {"path":"C:\\Users\\Localuser\\Documents\\course backend\\from git\\invoice pdf and upload image\\car-rental-be\\src\\helpers\\bcrypt.js","statementMap":{"0":{"start":{"line":1,"column":15},"end":{"line":1,"column":34}},"1":{"start":{"line":2,"column":13},"end":{"line":2,"column":15}},"2":{"start":{"line":11,"column":19},"end":{"line":11,"column":72}},"3":{"start":{"line":12,"column":4},"end":{"line":12,"column":18}},"4":{"start":{"line":23,"column":19},"end":{"line":23,"column":68}},"5":{"start":{"line":24,"column":4},"end":{"line":24,"column":17}},"6":{"start":{"line":27,"column":0},"end":{"line":30,"column":1}}},"fnMap":{"0":{"name":"encryptPassword","decl":{"start":{"line":10,"column":15},"end":{"line":10,"column":30}},"loc":{"start":{"line":10,"column":40},"end":{"line":13,"column":1}},"line":10},"1":{"name":"checkPassword","decl":{"start":{"line":22,"column":16},"end":{"line":22,"column":29}},"loc":{"start":{"line":22,"column":58},"end":{"line":25,"column":1}},"line":22}},"branchMap":{},"s":{"0":1,"1":1,"2":1,"3":1,"4":1,"5":1,"6":1},"f":{"0":1,"1":1},"b":{},"_coverageSchema":"1a1c01bbd47fc00a2c39e90264f33305004495a9","hash":"994f1286e4370bfae032b0763cded0a429c7d9ee"}
,"C:\\Users\\Localuser\\Documents\\course backend\\from git\\invoice pdf and upload image\\car-rental-be\\src\\helpers\\cloudinary.js": {"path":"C:\\Users\\Localuser\\Documents\\course backend\\from git\\invoice pdf and upload image\\car-rental-be\\src\\helpers\\cloudinary.js","statementMap":{"0":{"start":{"line":1,"column":27},"end":{"line":1,"column":51}},"1":{"start":{"line":3,"column":25},"end":{"line":7,"column":2}},"2":{"start":{"line":9,"column":0},"end":{"line":9,"column":48}}},"fnMap":{},"branchMap":{},"s":{"0":1,"1":1,"2":1},"f":{},"b":{},"_coverageSchema":"1a1c01bbd47fc00a2c39e90264f33305004495a9","hash":"cd81382559cf63ee4aea26b1d4f8141c1d95b526"}
,"C:\\Users\\Localuser\\Documents\\course backend\\from git\\invoice pdf and upload image\\car-rental-be\\src\\helpers\\createInvoice.js": {"path":"C:\\Users\\Localuser\\Documents\\course backend\\from git\\invoice pdf and upload image\\car-rental-be\\src\\helpers\\createInvoice.js","statementMap":{"0":{"start":{"line":1,"column":11},"end":{"line":1,"column":24}},"1":{"start":{"line":2,"column":20},"end":{"line":2,"column":37}},"2":{"start":{"line":3,"column":13},"end":{"line":3,"column":28}},"3":{"start":{"line":6,"column":12},"end":{"line":6,"column":55}},"4":{"start":{"line":8,"column":2},"end":{"line":8,"column":22}},"5":{"start":{"line":9,"column":2},"end":{"line":9,"column":44}},"6":{"start":{"line":10,"column":2},"end":{"line":10,"column":37}},"7":{"start":{"line":11,"column":2},"end":{"line":11,"column":22}},"8":{"start":{"line":13,"column":2},"end":{"line":13,"column":12}},"9":{"start":{"line":14,"column":2},"end":{"line":14,"column":16}},"10":{"start":{"line":18,"column":2},"end":{"line":27,"column":16}},"11":{"start":{"line":32,"column":2},"end":{"line":35,"column":30}},"12":{"start":{"line":37,"column":2},"end":{"line":37,"column":23}},"13":{"start":{"line":39,"column":33},"end":{"line":39,"column":36}},"14":{"start":{"line":41,"column":2},"end":{"line":60,"column":16}},"15":{"start":{"line":62,"column":2},"end":{"line":62,"column":23}},"16":{"start":{"line":66,"column":26},"end":{"line":66,"column":29}},"17":{"start":{"line":68,"column":2},"end":{"line":68,"column":29}},"18":{"start":{"line":69,"column":2},"end":{"line":77,"column":4}},"19":{"start":{"line":78,"column":2},"end":{"line":78,"column":40}},"20":{"start":{"line":79,"column":2},"end":{"line":79,"column":24}},"21":{"start":{"line":81,"column":19},"end":{"line":81,"column":43}},"22":{"start":{"line":82,"column":2},"end":{"line":90,"column":4}},"23":{"start":{"line":92,"column":2},"end":{"line":92,"column":33}},"24":{"start":{"line":94,"column":27},"end":{"line":94,"column":51}},"25":{"start":{"line":95,"column":2},"end":{"line":103,"column":4}},"26":{"start":{"line":131,"column":2},"end":{"line":138,"column":6}},"27":{"start":{"line":150,"column":2},"end":{"line":156,"column":47}},"28":{"start":{"line":160,"column":2},"end":{"line":165,"column":14}},"29":{"start":{"line":169,"column":25},"end":{"line":172,"column":4}},"30":{"start":{"line":174,"column":2},"end":{"line":174,"column":37}},"31":{"start":{"line":178,"column":14},"end":{"line":178,"column":28}},"32":{"start":{"line":179,"column":16},"end":{"line":179,"column":35}},"33":{"start":{"line":180,"column":15},"end":{"line":180,"column":33}},"34":{"start":{"line":182,"column":2},"end":{"line":182,"column":40}},"35":{"start":{"line":185,"column":0},"end":{"line":187,"column":2}}},"fnMap":{"0":{"name":"createInvoice","decl":{"start":{"line":5,"column":9},"end":{"line":5,"column":22}},"loc":{"start":{"line":5,"column":37},"end":{"line":15,"column":1}},"line":5},"1":{"name":"generateHeader","decl":{"start":{"line":17,"column":9},"end":{"line":17,"column":23}},"loc":{"start":{"line":17,"column":29},"end":{"line":29,"column":1}},"line":17},"2":{"name":"generateCustomerInformation","decl":{"start":{"line":31,"column":9},"end":{"line":31,"column":36}},"loc":{"start":{"line":31,"column":51},"end":{"line":63,"column":1}},"line":31},"3":{"name":"generateInvoiceTable","decl":{"start":{"line":65,"column":9},"end":{"line":65,"column":29}},"loc":{"start":{"line":65,"column":44},"end":{"line":128,"column":1}},"line":65},"4":{"name":"generateFooter","decl":{"start":{"line":130,"column":9},"end":{"line":130,"column":23}},"loc":{"start":{"line":130,"column":29},"end":{"line":139,"column":1}},"line":130},"5":{"name":"generateTableRow","decl":{"start":{"line":141,"column":9},"end":{"line":141,"column":25}},"loc":{"start":{"line":149,"column":2},"end":{"line":157,"column":1}},"line":149},"6":{"name":"generateHr","decl":{"start":{"line":159,"column":9},"end":{"line":159,"column":19}},"loc":{"start":{"line":159,"column":28},"end":{"line":166,"column":1}},"line":159},"7":{"name":"formatCurrency","decl":{"start":{"line":168,"column":9},"end":{"line":168,"column":23}},"loc":{"start":{"line":168,"column":31},"end":{"line":175,"column":1}},"line":168},"8":{"name":"formatDate","decl":{"start":{"line":177,"column":9},"end":{"line":177,"column":19}},"loc":{"start":{"line":177,"column":26},"end":{"line":183,"column":1}},"line":177}},"branchMap":{},"s":{"0":1,"1":1,"2":1,"3":0,"4":0,"5":0,"6":0,"7":0,"8":0,"9":0,"10":0,"11":0,"12":0,"13":0,"14":0,"15":0,"16":0,"17":0,"18":0,"19":0,"20":0,"21":0,"22":0,"23":0,"24":0,"25":0,"26":0,"27":0,"28":0,"29":0,"30":0,"31":0,"32":0,"33":0,"34":0,"35":1},"f":{"0":0,"1":0,"2":0,"3":0,"4":0,"5":0,"6":0,"7":0,"8":0},"b":{},"_coverageSchema":"1a1c01bbd47fc00a2c39e90264f33305004495a9","hash":"3620fe90952ba7d2912ba81eaefa0341ceba0afe"}
,"C:\\Users\\Localuser\\Documents\\course backend\\from git\\invoice pdf and upload image\\car-rental-be\\src\\helpers\\jwt.js": {"path":"C:\\Users\\Localuser\\Documents\\course backend\\from git\\invoice pdf and upload image\\car-rental-be\\src\\helpers\\jwt.js","statementMap":{"0":{"start":{"line":1,"column":12},"end":{"line":1,"column":35}},"1":{"start":{"line":2,"column":19},"end":{"line":2,"column":30}},"2":{"start":{"line":12,"column":2},"end":{"line":12,"column":59}},"3":{"start":{"line":22,"column":2},"end":{"line":22,"column":35}},"4":{"start":{"line":25,"column":0},"end":{"line":28,"column":2}}},"fnMap":{"0":{"name":"createToken","decl":{"start":{"line":11,"column":9},"end":{"line":11,"column":20}},"loc":{"start":{"line":11,"column":30},"end":{"line":13,"column":1}},"line":11},"1":{"name":"verifyToken","decl":{"start":{"line":21,"column":9},"end":{"line":21,"column":20}},"loc":{"start":{"line":21,"column":28},"end":{"line":23,"column":1}},"line":21}},"branchMap":{},"s":{"0":1,"1":1,"2":1,"3":0,"4":1},"f":{"0":1,"1":0},"b":{},"_coverageSchema":"1a1c01bbd47fc00a2c39e90264f33305004495a9","hash":"858dee8a0fd9ea68ee8fb2d76ab8146f9bec5323"}
,"C:\\Users\\Localuser\\Documents\\course backend\\from git\\invoice pdf and upload image\\car-rental-be\\src\\helpers\\xlsx.js": {"path":"C:\\Users\\Localuser\\Documents\\course backend\\from git\\invoice pdf and upload image\\car-rental-be\\src\\helpers\\xlsx.js","statementMap":{"0":{"start":{"line":1,"column":11},"end":{"line":1,"column":26}},"1":{"start":{"line":4,"column":11},"end":{"line":4,"column":41}},"2":{"start":{"line":5,"column":11},"end":{"line":5,"column":32}},"3":{"start":{"line":7,"column":2},"end":{"line":7,"column":46}},"4":{"start":{"line":9,"column":12},"end":{"line":9,"column":62}},"5":{"start":{"line":11,"column":2},"end":{"line":11,"column":46}},"6":{"start":{"line":12,"column":2},"end":{"line":12,"column":34}},"7":{"start":{"line":17,"column":19},"end":{"line":17,"column":42}},"8":{"start":{"line":18,"column":15},"end":{"line":18,"column":80}},"9":{"start":{"line":19,"column":2},"end":{"line":19,"column":13}},"10":{"start":{"line":22,"column":0},"end":{"line":22,"column":43}}},"fnMap":{"0":{"name":"generateXLSX","decl":{"start":{"line":3,"column":9},"end":{"line":3,"column":21}},"loc":{"start":{"line":3,"column":39},"end":{"line":13,"column":1}},"line":3},"1":{"name":"readXLSX","decl":{"start":{"line":16,"column":9},"end":{"line":16,"column":17}},"loc":{"start":{"line":16,"column":24},"end":{"line":20,"column":1}},"line":16}},"branchMap":{},"s":{"0":1,"1":0,"2":0,"3":0,"4":0,"5":0,"6":0,"7":0,"8":0,"9":0,"10":1},"f":{"0":0,"1":0},"b":{},"_coverageSchema":"1a1c01bbd47fc00a2c39e90264f33305004495a9","hash":"f45bd254dcba5520cd9e4c5ce997a272126435b0"}
,"C:\\Users\\Localuser\\Documents\\course backend\\from git\\invoice pdf and upload image\\car-rental-be\\src\\helpers\\errors\\base.js": {"path":"C:\\Users\\Localuser\\Documents\\course backend\\from git\\invoice pdf and upload image\\car-rental-be\\src\\helpers\\errors\\base.js","statementMap":{"0":{"start":{"line":3,"column":6},"end":{"line":3,"column":14}},"1":{"start":{"line":4,"column":6},"end":{"line":4,"column":35}},"2":{"start":{"line":5,"column":6},"end":{"line":5,"column":29}},"3":{"start":{"line":9,"column":2},"end":{"line":9,"column":28}}},"fnMap":{"0":{"name":"(anonymous_0)","decl":{"start":{"line":2,"column":4},"end":{"line":2,"column":5}},"loc":{"start":{"line":2,"column":37},"end":{"line":6,"column":5}},"line":2}},"branchMap":{},"s":{"0":0,"1":0,"2":0,"3":1},"f":{"0":0},"b":{},"_coverageSchema":"1a1c01bbd47fc00a2c39e90264f33305004495a9","hash":"d2c07fca5d069d2245ba90eeae41b0ca15b1959f"}
,"C:\\Users\\Localuser\\Documents\\course backend\\from git\\invoice pdf and upload image\\car-rental-be\\src\\helpers\\errors\\index.js": {"path":"C:\\Users\\Localuser\\Documents\\course backend\\from git\\invoice pdf and upload image\\car-rental-be\\src\\helpers\\errors\\index.js","statementMap":{"0":{"start":{"line":2,"column":0},"end":{"line":2,"column":36}},"1":{"start":{"line":3,"column":0},"end":{"line":3,"column":48}},"2":{"start":{"line":4,"column":0},"end":{"line":4,"column":44}},"3":{"start":{"line":5,"column":0},"end":{"line":5,"column":40}}},"fnMap":{},"branchMap":{},"s":{"0":1,"1":1,"2":1,"3":1},"f":{},"b":{},"_coverageSchema":"1a1c01bbd47fc00a2c39e90264f33305004495a9","hash":"f6bc597f7cabc344ba820ac0a0229fc55a8c344b"}
,"C:\\Users\\Localuser\\Documents\\course backend\\from git\\invoice pdf and upload image\\car-rental-be\\src\\helpers\\errors\\notFound.js": {"path":"C:\\Users\\Localuser\\Documents\\course backend\\from git\\invoice pdf and upload image\\car-rental-be\\src\\helpers\\errors\\notFound.js","statementMap":{"0":{"start":{"line":3,"column":6},"end":{"line":3,"column":14}},"1":{"start":{"line":4,"column":6},"end":{"line":4,"column":29}},"2":{"start":{"line":5,"column":6},"end":{"line":5,"column":28}},"3":{"start":{"line":6,"column":6},"end":{"line":6,"column":34}},"4":{"start":{"line":10,"column":2},"end":{"line":10,"column":32}}},"fnMap":{"0":{"name":"(anonymous_0)","decl":{"start":{"line":2,"column":4},"end":{"line":2,"column":5}},"loc":{"start":{"line":2,"column":44},"end":{"line":7,"column":5}},"line":2}},"branchMap":{"0":{"loc":{"start":{"line":2,"column":21},"end":{"line":2,"column":42}},"type":"default-arg","locations":[{"start":{"line":2,"column":31},"end":{"line":2,"column":42}}],"line":2},"1":{"loc":{"start":{"line":6,"column":19},"end":{"line":6,"column":33}},"type":"binary-expr","locations":[{"start":{"line":6,"column":19},"end":{"line":6,"column":22}},{"start":{"line":6,"column":26},"end":{"line":6,"column":33}}],"line":6}},"s":{"0":0,"1":0,"2":0,"3":0,"4":1},"f":{"0":0},"b":{"0":[0],"1":[0,0]},"_coverageSchema":"1a1c01bbd47fc00a2c39e90264f33305004495a9","hash":"6f464e0001fd6fcffe51b4801c27367c4c14813e"}
,"C:\\Users\\Localuser\\Documents\\course backend\\from git\\invoice pdf and upload image\\car-rental-be\\src\\helpers\\errors\\server.js": {"path":"C:\\Users\\Localuser\\Documents\\course backend\\from git\\invoice pdf and upload image\\car-rental-be\\src\\helpers\\errors\\server.js","statementMap":{"0":{"start":{"line":3,"column":6},"end":{"line":3,"column":14}},"1":{"start":{"line":4,"column":6},"end":{"line":4,"column":28}},"2":{"start":{"line":6,"column":6},"end":{"line":6,"column":45}},"3":{"start":{"line":7,"column":6},"end":{"line":7,"column":27}},"4":{"start":{"line":11,"column":2},"end":{"line":11,"column":30}}},"fnMap":{"0":{"name":"(anonymous_0)","decl":{"start":{"line":2,"column":4},"end":{"line":2,"column":5}},"loc":{"start":{"line":2,"column":51},"end":{"line":8,"column":5}},"line":2}},"branchMap":{"0":{"loc":{"start":{"line":2,"column":16},"end":{"line":2,"column":49}},"type":"default-arg","locations":[{"start":{"line":2,"column":26},"end":{"line":2,"column":49}}],"line":2}},"s":{"0":0,"1":0,"2":0,"3":0,"4":1},"f":{"0":0},"b":{"0":[0]},"_coverageSchema":"1a1c01bbd47fc00a2c39e90264f33305004495a9","hash":"a18736159aac2fd106b22d896a57703c05f28be5"}
,"C:\\Users\\Localuser\\Documents\\course backend\\from git\\invoice pdf and upload image\\car-rental-be\\src\\helpers\\errors\\validation.js": {"path":"C:\\Users\\Localuser\\Documents\\course backend\\from git\\invoice pdf and upload image\\car-rental-be\\src\\helpers\\errors\\validation.js","statementMap":{"0":{"start":{"line":3,"column":6},"end":{"line":3,"column":14}},"1":{"start":{"line":4,"column":6},"end":{"line":4,"column":28}},"2":{"start":{"line":5,"column":6},"end":{"line":5,"column":29}},"3":{"start":{"line":9,"column":2},"end":{"line":9,"column":34}}},"fnMap":{"0":{"name":"(anonymous_0)","decl":{"start":{"line":2,"column":4},"end":{"line":2,"column":5}},"loc":{"start":{"line":2,"column":46},"end":{"line":6,"column":5}},"line":2}},"branchMap":{"0":{"loc":{"start":{"line":2,"column":16},"end":{"line":2,"column":44}},"type":"default-arg","locations":[{"start":{"line":2,"column":26},"end":{"line":2,"column":44}}],"line":2}},"s":{"0":2,"1":2,"2":2,"3":1},"f":{"0":2},"b":{"0":[0]},"_coverageSchema":"1a1c01bbd47fc00a2c39e90264f33305004495a9","hash":"ddb979c3a90e6db9bb09e7f15a0d762036331251"}
,"C:\\Users\\Localuser\\Documents\\course backend\\from git\\invoice pdf and upload image\\car-rental-be\\src\\middlewares\\authorization.js": {"path":"C:\\Users\\Localuser\\Documents\\course backend\\from git\\invoice pdf and upload image\\car-rental-be\\src\\middlewares\\authorization.js","statementMap":{"0":{"start":{"line":1,"column":22},"end":{"line":1,"column":47}},"1":{"start":{"line":2,"column":18},"end":{"line":2,"column":43}},"2":{"start":{"line":3,"column":13},"end":{"line":3,"column":28}},"3":{"start":{"line":6,"column":4},"end":{"line":17,"column":5}},"4":{"start":{"line":7,"column":28},"end":{"line":7,"column":53}},"5":{"start":{"line":8,"column":8},"end":{"line":8,"column":80}},"6":{"start":{"line":8,"column":25},"end":{"line":8,"column":80}},"7":{"start":{"line":9,"column":22},"end":{"line":9,"column":47}},"8":{"start":{"line":10,"column":24},"end":{"line":10,"column":42}},"9":{"start":{"line":12,"column":8},"end":{"line":12,"column":49}},"10":{"start":{"line":13,"column":8},"end":{"line":13,"column":15}},"11":{"start":{"line":15,"column":8},"end":{"line":15,"column":22}},"12":{"start":{"line":16,"column":8},"end":{"line":16,"column":16}},"13":{"start":{"line":21,"column":4},"end":{"line":25,"column":5}},"14":{"start":{"line":22,"column":8},"end":{"line":23,"column":64}},"15":{"start":{"line":23,"column":12},"end":{"line":23,"column":64}},"16":{"start":{"line":24,"column":8},"end":{"line":24,"column":15}},"17":{"start":{"line":28,"column":0},"end":{"line":30,"column":1}}},"fnMap":{"0":{"name":"authorize","decl":{"start":{"line":5,"column":15},"end":{"line":5,"column":24}},"loc":{"start":{"line":5,"column":41},"end":{"line":18,"column":1}},"line":5},"1":{"name":"checkRole","decl":{"start":{"line":20,"column":9},"end":{"line":20,"column":18}},"loc":{"start":{"line":20,"column":25},"end":{"line":26,"column":1}},"line":20},"2":{"name":"(anonymous_2)","decl":{"start":{"line":21,"column":11},"end":{"line":21,"column":12}},"loc":{"start":{"line":21,"column":31},"end":{"line":25,"column":5}},"line":21}},"branchMap":{"0":{"loc":{"start":{"line":8,"column":8},"end":{"line":8,"column":80}},"type":"if","locations":[{"start":{"line":8,"column":8},"end":{"line":8,"column":80}},{"start":{},"end":{}}],"line":8},"1":{"loc":{"start":{"line":22,"column":8},"end":{"line":23,"column":64}},"type":"if","locations":[{"start":{"line":22,"column":8},"end":{"line":23,"column":64}},{"start":{},"end":{}}],"line":22}},"s":{"0":1,"1":1,"2":1,"3":0,"4":0,"5":0,"6":0,"7":0,"8":0,"9":0,"10":0,"11":0,"12":0,"13":2,"14":0,"15":0,"16":0,"17":1},"f":{"0":0,"1":2,"2":0},"b":{"0":[0,0],"1":[0,0]},"_coverageSchema":"1a1c01bbd47fc00a2c39e90264f33305004495a9","hash":"2c74dc16ad7da2b91ce3def23fcc80be079aa8df"}
,"C:\\Users\\Localuser\\Documents\\course backend\\from git\\invoice pdf and upload image\\car-rental-be\\src\\middlewares\\errorHandler.js": {"path":"C:\\Users\\Localuser\\Documents\\course backend\\from git\\invoice pdf and upload image\\car-rental-be\\src\\middlewares\\errorHandler.js","statementMap":{"0":{"start":{"line":2,"column":4},"end":{"line":2,"column":36}},"1":{"start":{"line":5,"column":42},"end":{"line":5,"column":45}},"2":{"start":{"line":10,"column":4},"end":{"line":14,"column":7}},"3":{"start":{"line":17,"column":2},"end":{"line":17,"column":31}}},"fnMap":{"0":{"name":"errorHandler","decl":{"start":{"line":1,"column":9},"end":{"line":1,"column":21}},"loc":{"start":{"line":1,"column":43},"end":{"line":15,"column":3}},"line":1}},"branchMap":{"0":{"loc":{"start":{"line":2,"column":18},"end":{"line":2,"column":34}},"type":"binary-expr","locations":[{"start":{"line":2,"column":18},"end":{"line":2,"column":27}},{"start":{"line":2,"column":31},"end":{"line":2,"column":34}}],"line":2},"1":{"loc":{"start":{"line":5,"column":12},"end":{"line":5,"column":28}},"type":"default-arg","locations":[{"start":{"line":5,"column":25},"end":{"line":5,"column":28}}],"line":5}},"s":{"0":2,"1":2,"2":2,"3":1},"f":{"0":2},"b":{"0":[2,2],"1":[0]},"_coverageSchema":"1a1c01bbd47fc00a2c39e90264f33305004495a9","hash":"7536d7aa8fd597c22eef3a0f059d5598537789cc"}
,"C:\\Users\\Localuser\\Documents\\course backend\\from git\\invoice pdf and upload image\\car-rental-be\\src\\middlewares\\rbac.js": {"path":"C:\\Users\\Localuser\\Documents\\course backend\\from git\\invoice pdf and upload image\\car-rental-be\\src\\middlewares\\rbac.js","statementMap":{"0":{"start":{"line":2,"column":20},"end":{"line":2,"column":47}},"1":{"start":{"line":3,"column":24},"end":{"line":3,"column":63}},"2":{"start":{"line":4,"column":15},"end":{"line":4,"column":32}},"3":{"start":{"line":7,"column":2},"end":{"line":28,"column":4}},"4":{"start":{"line":8,"column":19},"end":{"line":8,"column":35}},"5":{"start":{"line":9,"column":4},"end":{"line":9,"column":36}},"6":{"start":{"line":9,"column":22},"end":{"line":9,"column":36}},"7":{"start":{"line":10,"column":25},"end":{"line":23,"column":6}},"8":{"start":{"line":24,"column":4},"end":{"line":24,"column":30}},"9":{"start":{"line":26,"column":4},"end":{"line":26,"column":76}},"10":{"start":{"line":26,"column":23},"end":{"line":26,"column":76}},"11":{"start":{"line":27,"column":4},"end":{"line":27,"column":18}},"12":{"start":{"line":31,"column":0},"end":{"line":31,"column":22}}},"fnMap":{"0":{"name":"rbac","decl":{"start":{"line":6,"column":9},"end":{"line":6,"column":13}},"loc":{"start":{"line":6,"column":38},"end":{"line":29,"column":1}},"line":6},"1":{"name":"(anonymous_1)","decl":{"start":{"line":7,"column":9},"end":{"line":7,"column":10}},"loc":{"start":{"line":7,"column":35},"end":{"line":28,"column":3}},"line":7}},"branchMap":{"0":{"loc":{"start":{"line":9,"column":4},"end":{"line":9,"column":36}},"type":"if","locations":[{"start":{"line":9,"column":4},"end":{"line":9,"column":36}},{"start":{},"end":{}}],"line":9},"1":{"loc":{"start":{"line":26,"column":4},"end":{"line":26,"column":76}},"type":"if","locations":[{"start":{"line":26,"column":4},"end":{"line":26,"column":76}},{"start":{},"end":{}}],"line":26}},"s":{"0":1,"1":1,"2":1,"3":2,"4":0,"5":0,"6":0,"7":0,"8":0,"9":0,"10":0,"11":0,"12":1},"f":{"0":2,"1":0},"b":{"0":[0,0],"1":[0,0]},"_coverageSchema":"1a1c01bbd47fc00a2c39e90264f33305004495a9","hash":"7dc1b8910755a18be4f5c6b9dea63e774ec2db60"}
,"C:\\Users\\Localuser\\Documents\\course backend\\from git\\invoice pdf and upload image\\car-rental-be\\src\\middlewares\\upload.js": {"path":"C:\\Users\\Localuser\\Documents\\course backend\\from git\\invoice pdf and upload image\\car-rental-be\\src\\middlewares\\upload.js","statementMap":{"0":{"start":{"line":1,"column":15},"end":{"line":1,"column":32}},"1":{"start":{"line":2,"column":13},"end":{"line":2,"column":28}},"2":{"start":{"line":4,"column":18},"end":{"line":4,"column":54}},"3":{"start":{"line":5,"column":19},"end":{"line":5,"column":50}},"4":{"start":{"line":7,"column":22},"end":{"line":7,"column":44}},"5":{"start":{"line":8,"column":20},"end":{"line":17,"column":2}},"6":{"start":{"line":10,"column":4},"end":{"line":10,"column":24}},"7":{"start":{"line":13,"column":4},"end":{"line":13,"column":21}},"8":{"start":{"line":14,"column":25},"end":{"line":14,"column":75}},"9":{"start":{"line":15,"column":4},"end":{"line":15,"column":83}},"10":{"start":{"line":19,"column":0},"end":{"line":22,"column":1}}},"fnMap":{"0":{"name":"(anonymous_0)","decl":{"start":{"line":9,"column":15},"end":{"line":9,"column":16}},"loc":{"start":{"line":9,"column":40},"end":{"line":11,"column":3}},"line":9},"1":{"name":"(anonymous_1)","decl":{"start":{"line":12,"column":12},"end":{"line":12,"column":13}},"loc":{"start":{"line":12,"column":37},"end":{"line":16,"column":3}},"line":12}},"branchMap":{},"s":{"0":1,"1":1,"2":1,"3":1,"4":1,"5":1,"6":0,"7":0,"8":0,"9":0,"10":1},"f":{"0":0,"1":0},"b":{},"_coverageSchema":"1a1c01bbd47fc00a2c39e90264f33305004495a9","hash":"0cb83d9e56f380c791e0019b7429e06a66b2435c"}
,"C:\\Users\\Localuser\\Documents\\course backend\\from git\\invoice pdf and upload image\\car-rental-be\\src\\middlewares\\validation.js": {"path":"C:\\Users\\Localuser\\Documents\\course backend\\from git\\invoice pdf and upload image\\car-rental-be\\src\\middlewares\\validation.js","statementMap":{"0":{"start":{"line":2,"column":4},"end":{"line":22,"column":5}},"1":{"start":{"line":3,"column":6},"end":{"line":21,"column":7}},"2":{"start":{"line":4,"column":22},"end":{"line":6,"column":34}},"3":{"start":{"line":7,"column":8},"end":{"line":9,"column":9}},"4":{"start":{"line":8,"column":10},"end":{"line":8,"column":46}},"5":{"start":{"line":11,"column":8},"end":{"line":11,"column":15}},"6":{"start":{"line":13,"column":23},"end":{"line":17,"column":10}},"7":{"start":{"line":14,"column":34},"end":{"line":14,"column":38}},"8":{"start":{"line":15,"column":23},"end":{"line":15,"column":42}},"9":{"start":{"line":16,"column":10},"end":{"line":16,"column":38}},"10":{"start":{"line":18,"column":8},"end":{"line":18,"column":27}},"11":{"start":{"line":20,"column":8},"end":{"line":20,"column":41}},"12":{"start":{"line":25,"column":2},"end":{"line":25,"column":30}}},"fnMap":{"0":{"name":"validation","decl":{"start":{"line":1,"column":9},"end":{"line":1,"column":19}},"loc":{"start":{"line":1,"column":27},"end":{"line":23,"column":3}},"line":1},"1":{"name":"(anonymous_1)","decl":{"start":{"line":2,"column":11},"end":{"line":2,"column":12}},"loc":{"start":{"line":2,"column":42},"end":{"line":22,"column":5}},"line":2},"2":{"name":"(anonymous_2)","decl":{"start":{"line":13,"column":40},"end":{"line":13,"column":41}},"loc":{"start":{"line":13,"column":48},"end":{"line":17,"column":9}},"line":13}},"branchMap":{"0":{"loc":{"start":{"line":7,"column":8},"end":{"line":9,"column":9}},"type":"if","locations":[{"start":{"line":7,"column":8},"end":{"line":9,"column":9}},{"start":{},"end":{}}],"line":7}},"s":{"0":7,"1":4,"2":4,"3":4,"4":0,"5":4,"6":0,"7":0,"8":0,"9":0,"10":0,"11":0,"12":1},"f":{"0":7,"1":4,"2":0},"b":{"0":[0,4]},"_coverageSchema":"1a1c01bbd47fc00a2c39e90264f33305004495a9","hash":"0ce4b334d492b1f0d99359237c3d4dff749aceff"}
,"C:\\Users\\Localuser\\Documents\\course backend\\from git\\invoice pdf and upload image\\car-rental-be\\src\\models\\access.js": {"path":"C:\\Users\\Localuser\\Documents\\course backend\\from git\\invoice pdf and upload image\\car-rental-be\\src\\models\\access.js","statementMap":{"0":{"start":{"line":1,"column":18},"end":{"line":1,"column":35}},"1":{"start":{"line":5,"column":4},"end":{"line":5,"column":20}},"2":{"start":{"line":6,"column":4},"end":{"line":12,"column":6}},"3":{"start":{"line":16,"column":0},"end":{"line":16,"column":29}}},"fnMap":{"0":{"name":"(anonymous_0)","decl":{"start":{"line":4,"column":2},"end":{"line":4,"column":3}},"loc":{"start":{"line":4,"column":16},"end":{"line":13,"column":3}},"line":4}},"branchMap":{},"s":{"0":1,"1":1,"2":1,"3":1},"f":{"0":1},"b":{},"_coverageSchema":"1a1c01bbd47fc00a2c39e90264f33305004495a9","hash":"2528eeb5499b94ece6248923af9352c01ec8f71d"}
,"C:\\Users\\Localuser\\Documents\\course backend\\from git\\invoice pdf and upload image\\car-rental-be\\src\\models\\base.js": {"path":"C:\\Users\\Localuser\\Documents\\course backend\\from git\\invoice pdf and upload image\\car-rental-be\\src\\models\\base.js","statementMap":{"0":{"start":{"line":1,"column":25},"end":{"line":1,"column":50}},"1":{"start":{"line":2,"column":15},"end":{"line":2,"column":49}},"2":{"start":{"line":9,"column":4},"end":{"line":9,"column":21}},"3":{"start":{"line":10,"column":4},"end":{"line":10,"column":31}},"4":{"start":{"line":13,"column":8},"end":{"line":34,"column":3}},"5":{"start":{"line":14,"column":42},"end":{"line":14,"column":43}},"6":{"start":{"line":15,"column":18},"end":{"line":23,"column":5}},"7":{"start":{"line":25,"column":31},"end":{"line":28,"column":6}},"8":{"start":{"line":30,"column":4},"end":{"line":33,"column":6}},"9":{"start":{"line":36,"column":12},"end":{"line":38,"column":3}},"10":{"start":{"line":37,"column":4},"end":{"line":37,"column":72}},"11":{"start":{"line":40,"column":11},"end":{"line":42,"column":3}},"12":{"start":{"line":41,"column":4},"end":{"line":41,"column":39}},"13":{"start":{"line":44,"column":8},"end":{"line":46,"column":3}},"14":{"start":{"line":45,"column":4},"end":{"line":45,"column":39}},"15":{"start":{"line":48,"column":12},"end":{"line":50,"column":3}},"16":{"start":{"line":49,"column":4},"end":{"line":49,"column":43}},"17":{"start":{"line":52,"column":11},"end":{"line":57,"column":3}},"18":{"start":{"line":53,"column":4},"end":{"line":56,"column":7}},"19":{"start":{"line":59,"column":11},"end":{"line":63,"column":3}},"20":{"start":{"line":60,"column":4},"end":{"line":62,"column":7}},"21":{"start":{"line":65,"column":10},"end":{"line":67,"column":3}},"22":{"start":{"line":66,"column":4},"end":{"line":66,"column":35}},"23":{"start":{"line":69,"column":16},"end":{"line":71,"column":3}},"24":{"start":{"line":70,"column":4},"end":{"line":70,"column":37}},"25":{"start":{"line":74,"column":0},"end":{"line":74,"column":27}}},"fnMap":{"0":{"name":"(anonymous_0)","decl":{"start":{"line":8,"column":2},"end":{"line":8,"column":3}},"loc":{"start":{"line":8,"column":21},"end":{"line":11,"column":3}},"line":8},"1":{"name":"(anonymous_1)","decl":{"start":{"line":13,"column":8},"end":{"line":13,"column":9}},"loc":{"start":{"line":13,"column":64},"end":{"line":34,"column":3}},"line":13},"2":{"name":"(anonymous_2)","decl":{"start":{"line":36,"column":12},"end":{"line":36,"column":13}},"loc":{"start":{"line":36,"column":34},"end":{"line":38,"column":3}},"line":36},"3":{"name":"(anonymous_3)","decl":{"start":{"line":40,"column":11},"end":{"line":40,"column":12}},"loc":{"start":{"line":40,"column":28},"end":{"line":42,"column":3}},"line":40},"4":{"name":"(anonymous_4)","decl":{"start":{"line":44,"column":8},"end":{"line":44,"column":9}},"loc":{"start":{"line":44,"column":18},"end":{"line":46,"column":3}},"line":44},"5":{"name":"(anonymous_5)","decl":{"start":{"line":48,"column":12},"end":{"line":48,"column":13}},"loc":{"start":{"line":48,"column":22},"end":{"line":50,"column":3}},"line":48},"6":{"name":"(anonymous_6)","decl":{"start":{"line":52,"column":11},"end":{"line":52,"column":12}},"loc":{"start":{"line":52,"column":25},"end":{"line":57,"column":3}},"line":52},"7":{"name":"(anonymous_7)","decl":{"start":{"line":59,"column":11},"end":{"line":59,"column":12}},"loc":{"start":{"line":59,"column":25},"end":{"line":63,"column":3}},"line":59},"8":{"name":"(anonymous_8)","decl":{"start":{"line":65,"column":10},"end":{"line":65,"column":11}},"loc":{"start":{"line":65,"column":27},"end":{"line":67,"column":3}},"line":65},"9":{"name":"(anonymous_9)","decl":{"start":{"line":69,"column":16},"end":{"line":69,"column":17}},"loc":{"start":{"line":69,"column":32},"end":{"line":71,"column":3}},"line":69}},"branchMap":{"0":{"loc":{"start":{"line":13,"column":17},"end":{"line":13,"column":27}},"type":"default-arg","locations":[{"start":{"line":13,"column":25},"end":{"line":13,"column":27}}],"line":13},"1":{"loc":{"start":{"line":13,"column":29},"end":{"line":13,"column":35}},"type":"default-arg","locations":[{"start":{"line":13,"column":33},"end":{"line":13,"column":35}}],"line":13},"2":{"loc":{"start":{"line":13,"column":37},"end":{"line":13,"column":57}},"type":"default-arg","locations":[{"start":{"line":13,"column":46},"end":{"line":13,"column":57}}],"line":13}},"s":{"0":1,"1":1,"2":7,"3":7,"4":7,"5":0,"6":0,"7":0,"8":0,"9":7,"10":0,"11":7,"12":4,"13":7,"14":1,"15":7,"16":0,"17":7,"18":0,"19":7,"20":0,"21":7,"22":0,"23":7,"24":0,"25":1},"f":{"0":7,"1":0,"2":0,"3":4,"4":1,"5":0,"6":0,"7":0,"8":0,"9":0},"b":{"0":[0],"1":[0],"2":[0]},"_coverageSchema":"1a1c01bbd47fc00a2c39e90264f33305004495a9","hash":"a4727cbbffd26d7409e5ec16f9f3866e0ceb3e0d"}
,"C:\\Users\\Localuser\\Documents\\course backend\\from git\\invoice pdf and upload image\\car-rental-be\\src\\models\\cars.js": {"path":"C:\\Users\\Localuser\\Documents\\course backend\\from git\\invoice pdf and upload image\\car-rental-be\\src\\models\\cars.js","statementMap":{"0":{"start":{"line":1,"column":18},"end":{"line":1,"column":35}},"1":{"start":{"line":6,"column":4},"end":{"line":6,"column":18}},"2":{"start":{"line":7,"column":4},"end":{"line":15,"column":6}},"3":{"start":{"line":19,"column":0},"end":{"line":19,"column":25}}},"fnMap":{"0":{"name":"(anonymous_0)","decl":{"start":{"line":5,"column":2},"end":{"line":5,"column":3}},"loc":{"start":{"line":5,"column":16},"end":{"line":16,"column":3}},"line":5}},"branchMap":{},"s":{"0":1,"1":2,"2":2,"3":1},"f":{"0":2},"b":{},"_coverageSchema":"1a1c01bbd47fc00a2c39e90264f33305004495a9","hash":"9714164756432e944a82532bc52146575bea40ae"}
,"C:\\Users\\Localuser\\Documents\\course backend\\from git\\invoice pdf and upload image\\car-rental-be\\src\\models\\order.js": {"path":"C:\\Users\\Localuser\\Documents\\course backend\\from git\\invoice pdf and upload image\\car-rental-be\\src\\models\\order.js","statementMap":{"0":{"start":{"line":1,"column":18},"end":{"line":1,"column":35}},"1":{"start":{"line":6,"column":4},"end":{"line":6,"column":19}},"2":{"start":{"line":7,"column":4},"end":{"line":17,"column":6}},"3":{"start":{"line":21,"column":0},"end":{"line":21,"column":27}}},"fnMap":{"0":{"name":"(anonymous_0)","decl":{"start":{"line":5,"column":2},"end":{"line":5,"column":3}},"loc":{"start":{"line":5,"column":16},"end":{"line":18,"column":3}},"line":5}},"branchMap":{},"s":{"0":1,"1":1,"2":1,"3":1},"f":{"0":1},"b":{},"_coverageSchema":"1a1c01bbd47fc00a2c39e90264f33305004495a9","hash":"f4b29d427cb444cbe385b19c508c83fa508290f4"}
,"C:\\Users\\Localuser\\Documents\\course backend\\from git\\invoice pdf and upload image\\car-rental-be\\src\\models\\user.js": {"path":"C:\\Users\\Localuser\\Documents\\course backend\\from git\\invoice pdf and upload image\\car-rental-be\\src\\models\\user.js","statementMap":{"0":{"start":{"line":1,"column":18},"end":{"line":1,"column":35}},"1":{"start":{"line":6,"column":4},"end":{"line":6,"column":19}},"2":{"start":{"line":7,"column":4},"end":{"line":14,"column":6}},"3":{"start":{"line":18,"column":0},"end":{"line":18,"column":27}}},"fnMap":{"0":{"name":"(anonymous_0)","decl":{"start":{"line":5,"column":2},"end":{"line":5,"column":3}},"loc":{"start":{"line":5,"column":16},"end":{"line":15,"column":3}},"line":5}},"branchMap":{},"s":{"0":1,"1":3,"2":3,"3":1},"f":{"0":3},"b":{},"_coverageSchema":"1a1c01bbd47fc00a2c39e90264f33305004495a9","hash":"3de56f41c2ef856d85ac4cc4ce8ebb0960fd4390"}
,"C:\\Users\\Localuser\\Documents\\course backend\\from git\\invoice pdf and upload image\\car-rental-be\\src\\routes\\index.js": {"path":"C:\\Users\\Localuser\\Documents\\course backend\\from git\\invoice pdf and upload image\\car-rental-be\\src\\routes\\index.js","statementMap":{"0":{"start":{"line":1,"column":43},"end":{"line":1,"column":68}},"1":{"start":{"line":2,"column":13},"end":{"line":2,"column":28}},"2":{"start":{"line":3,"column":16},"end":{"line":3,"column":34}},"3":{"start":{"line":4,"column":15},"end":{"line":4,"column":31}},"4":{"start":{"line":5,"column":18},"end":{"line":5,"column":47}},"5":{"start":{"line":6,"column":24},"end":{"line":6,"column":61}},"6":{"start":{"line":8,"column":0},"end":{"line":8,"column":75}},"7":{"start":{"line":9,"column":0},"end":{"line":9,"column":25}},"8":{"start":{"line":10,"column":0},"end":{"line":10,"column":27}},"9":{"start":{"line":11,"column":0},"end":{"line":11,"column":25}},"10":{"start":{"line":12,"column":0},"end":{"line":12,"column":27}},"11":{"start":{"line":13,"column":0},"end":{"line":13,"column":29}},"12":{"start":{"line":15,"column":0},"end":{"line":15,"column":24}}},"fnMap":{},"branchMap":{},"s":{"0":1,"1":1,"2":1,"3":1,"4":1,"5":1,"6":1,"7":1,"8":1,"9":1,"10":1,"11":1,"12":1},"f":{},"b":{},"_coverageSchema":"1a1c01bbd47fc00a2c39e90264f33305004495a9","hash":"92026c23925a1cdfce6d68cfe3bb807c12e61ad7"}
}
