TN:
SF:index.js
FN:23,(anonymous_0)
FN:32,(anonymous_1)
FN:36,(anonymous_2)
FNF:3
FNH:1
FNDA:0,(anonymous_0)
FNDA:0,(anonymous_1)
FNDA:1,(anonymous_2)
DA:1,1
DA:3,1
DA:4,1
DA:5,1
DA:6,1
DA:7,1
DA:8,1
DA:9,1
DA:11,1
DA:16,1
DA:18,1
DA:19,1
DA:21,1
DA:23,1
DA:24,0
DA:27,1
DA:30,1
DA:32,1
DA:33,0
DA:36,1
DA:37,1
DA:40,1
LF:22
LH:20
BRDA:1,0,0,0
BRDA:1,0,1,1
BRDA:11,1,0,1
BRF:3
BRH:2
end_of_record
TN:
SF:src\controllers\base.js
FN:8,(anonymous_0)
FN:13,(anonymous_1)
FN:61,(anonymous_2)
FN:80,(anonymous_3)
FN:101,(anonymous_4)
FN:130,(anonymous_5)
FN:153,(anonymous_6)
FN:154,(anonymous_7)
FN:176,(anonymous_8)
FN:212,(anonymous_9)
FN:219,(anonymous_10)
FN:223,(anonymous_11)
FNF:12
FNH:3
FNDA:5,(anonymous_0)
FNDA:0,(anonymous_1)
FNDA:0,(anonymous_2)
FNDA:0,(anonymous_3)
FNDA:0,(anonymous_4)
FNDA:0,(anonymous_5)
FNDA:1,(anonymous_6)
FNDA:0,(anonymous_7)
FNDA:0,(anonymous_8)
FNDA:0,(anonymous_9)
FNDA:0,(anonymous_10)
FNDA:2,(anonymous_11)
DA:2,1
DA:3,1
DA:4,1
DA:5,1
DA:9,5
DA:10,5
DA:13,5
DA:14,0
DA:21,0
DA:24,0
DA:25,0
DA:26,0
DA:32,0
DA:42,0
DA:57,0
DA:61,5
DA:62,0
DA:63,0
DA:64,0
DA:65,0
DA:66,0
DA:68,0
DA:76,0
DA:80,5
DA:81,0
DA:82,0
DA:87,0
DA:89,0
DA:97,0
DA:101,5
DA:102,0
DA:103,0
DA:104,0
DA:109,0
DA:111,0
DA:120,0
DA:121,0
DA:122,0
DA:126,0
DA:130,5
DA:131,0
DA:132,0
DA:133,0
DA:135,0
DA:144,0
DA:145,0
DA:146,0
DA:149,0
DA:153,5
DA:154,1
DA:160,0
DA:162,0
DA:172,0
DA:176,5
DA:177,0
DA:178,0
DA:179,0
DA:184,0
DA:185,0
DA:188,0
DA:190,0
DA:192,0
DA:194,0
DA:203,0
DA:204,0
DA:212,5
DA:213,0
DA:218,0
DA:219,0
DA:224,2
DA:234,1
LF:71
LH:17
BRDA:16,0,0,0
BRDA:17,1,0,0
BRDA:18,2,0,0
BRDA:19,3,0,0
BRDA:20,4,0,0
BRDA:24,5,0,0
BRDA:24,5,1,0
BRDA:25,6,0,0
BRDA:25,6,1,0
BRDA:65,7,0,0
BRDA:65,7,1,0
BRDA:120,8,0,0
BRDA:120,8,1,0
BRDA:121,9,0,0
BRDA:121,9,1,0
BRDA:144,10,0,0
BRDA:144,10,1,0
BRDA:145,11,0,0
BRDA:145,11,1,0
BRDA:156,12,0,0
BRDA:157,13,0,0
BRDA:158,14,0,0
BRDA:159,15,0,0
BRDA:184,16,0,0
BRDA:184,16,1,0
BRDA:190,17,0,0
BRDA:190,17,1,0
BRDA:229,18,0,2
BRDA:229,18,1,0
BRF:29
BRH:1
end_of_record
TN:
SF:src\controllers\index.js
FNF:0
FNH:0
DA:1,1
DA:2,1
DA:3,1
DA:4,1
DA:5,1
DA:7,1
LF:6
LH:6
BRF:0
BRH:0
end_of_record
TN:
SF:src\controllers\auth\index.js
FN:32,(anonymous_0)
FN:38,(anonymous_1)
FN:74,(anonymous_2)
FNF:3
FNH:3
FNDA:1,(anonymous_0)
FNDA:2,(anonymous_1)
FNDA:2,(anonymous_2)
DA:1,1
DA:2,1
DA:4,1
DA:5,1
DA:6,1
DA:7,1
DA:8,1
DA:10,1
DA:12,1
DA:26,1
DA:33,1
DA:34,1
DA:35,1
DA:38,1
DA:39,2
DA:40,2
DA:41,2
DA:43,2
DA:45,1
DA:47,1
DA:48,0
DA:50,1
DA:54,1
DA:70,0
DA:74,1
DA:75,2
DA:76,2
DA:77,2
DA:79,2
DA:81,1
DA:87,1
DA:102,0
DA:107,1
DA:109,1
LF:34
LH:31
BRDA:43,0,0,1
BRDA:43,0,1,1
BRDA:47,1,0,0
BRDA:47,1,1,1
BRDA:79,2,0,1
BRDA:79,2,1,1
BRF:6
BRH:5
end_of_record
TN:
SF:src\controllers\cars\index.js
FN:30,(anonymous_0)
FN:64,(anonymous_1)
FNF:2
FNH:1
FNDA:1,(anonymous_0)
FNDA:0,(anonymous_1)
DA:1,1
DA:3,1
DA:4,1
DA:5,1
DA:6,1
DA:7,1
DA:8,1
DA:9,1
DA:11,1
DA:13,1
DA:31,1
DA:32,1
DA:33,1
DA:34,1
DA:35,1
DA:36,1
DA:37,1
DA:38,1
DA:39,1
DA:64,1
DA:65,0
DA:66,0
DA:67,0
DA:68,0
DA:70,0
DA:71,0
DA:73,0
DA:74,0
DA:76,0
DA:77,0
DA:79,0
DA:80,0
DA:82,0
DA:83,0
DA:86,0
DA:88,0
DA:92,1
DA:94,1
LF:38
LH:22
BRDA:67,0,0,0
BRDA:67,0,1,0
BRDA:70,1,0,0
BRDA:70,1,1,0
BRDA:73,2,0,0
BRDA:73,2,1,0
BRDA:76,3,0,0
BRDA:76,3,1,0
BRDA:79,4,0,0
BRDA:79,4,1,0
BRDA:82,5,0,0
BRDA:82,5,1,0
BRDA:86,6,0,0
BRDA:86,6,1,0
BRF:14
BRH:0
end_of_record
TN:
SF:src\controllers\order\index.js
FN:23,(anonymous_0)
FN:34,(anonymous_1)
FN:105,(anonymous_2)
FN:132,(anonymous_3)
FNF:4
FNH:1
FNDA:1,(anonymous_0)
FNDA:0,(anonymous_1)
FNDA:0,(anonymous_2)
FNDA:0,(anonymous_3)
DA:1,1
DA:2,1
DA:4,1
DA:5,1
DA:6,1
DA:7,1
DA:8,1
DA:9,1
DA:10,1
DA:12,1
DA:13,1
DA:15,1
DA:24,1
DA:25,1
DA:26,1
DA:27,1
DA:28,1
DA:34,1
DA:35,0
DA:36,0
DA:47,0
DA:48,0
DA:50,0
DA:57,0
DA:58,0
DA:59,0
DA:60,0
DA:62,0
DA:63,0
DA:67,0
DA:92,0
DA:101,0
DA:105,1
DA:106,0
DA:107,0
DA:108,0
DA:109,0
DA:111,0
DA:112,0
DA:115,0
DA:119,0
DA:128,0
DA:132,1
DA:133,0
DA:134,0
DA:135,0
DA:159,0
DA:160,0
DA:163,0
DA:165,0
DA:170,1
DA:172,1
LF:52
LH:22
BRDA:47,0,0,0
BRDA:47,0,1,0
BRDA:111,1,0,0
BRDA:111,1,1,0
BRDA:159,2,0,0
BRDA:159,2,1,0
BRF:6
BRH:0
end_of_record
TN:
SF:src\controllers\upload\index.js
FN:8,(anonymous_0)
FN:14,(anonymous_1)
FN:58,(anonymous_2)
FNF:3
FNH:1
FNDA:1,(anonymous_0)
FNDA:0,(anonymous_1)
FNDA:0,(anonymous_2)
DA:1,1
DA:2,1
DA:3,1
DA:4,1
DA:5,1
DA:9,1
DA:10,1
DA:11,1
DA:14,1
DA:15,0
DA:16,0
DA:19,0
DA:28,0
DA:29,0
DA:32,0
DA:33,0
DA:35,0
DA:39,0
DA:54,0
DA:58,1
DA:59,0
DA:60,0
DA:61,0
DA:70,0
DA:71,0
DA:74,0
DA:76,0
DA:87,0
DA:93,1
DA:95,1
LF:30
LH:12
BRDA:28,0,0,0
BRDA:28,0,1,0
BRDA:70,1,0,0
BRDA:70,1,1,0
BRDA:74,2,0,0
BRDA:74,2,1,0
BRF:6
BRH:0
end_of_record
TN:
SF:src\controllers\users\index.js
FN:37,(anonymous_0)
FN:46,(anonymous_1)
FN:70,(anonymous_2)
FNF:3
FNH:1
FNDA:1,(anonymous_0)
FNDA:0,(anonymous_1)
FNDA:0,(anonymous_2)
DA:1,1
DA:3,1
DA:4,1
DA:5,1
DA:6,1
DA:7,1
DA:8,1
DA:9,1
DA:11,1
DA:13,1
DA:26,1
DA:38,1
DA:39,1
DA:40,1
DA:41,1
DA:42,1
DA:43,1
DA:46,1
DA:47,0
DA:64,0
DA:65,0
DA:67,0
DA:70,1
DA:71,0
DA:72,0
DA:73,0
DA:77,1
DA:79,1
LF:28
LH:21
BRDA:64,0,0,0
BRDA:64,0,1,0
BRF:2
BRH:0
end_of_record
TN:
SF:src\helpers\bcrypt.js
FN:10,encryptPassword
FN:22,checkPassword
FNF:2
FNH:2
FNDA:1,encryptPassword
FNDA:1,checkPassword
DA:1,1
DA:2,1
DA:11,1
DA:12,1
DA:23,1
DA:24,1
DA:27,1
LF:7
LH:7
BRF:0
BRH:0
end_of_record
TN:
SF:src\helpers\cloudinary.js
FNF:0
FNH:0
DA:1,1
DA:3,1
DA:9,1
LF:3
LH:3
BRF:0
BRH:0
end_of_record
TN:
SF:src\helpers\createInvoice.js
FN:5,createInvoice
FN:17,generateHeader
FN:31,generateCustomerInformation
FN:65,generateInvoiceTable
FN:130,generateFooter
FN:141,generateTableRow
FN:159,generateHr
FN:168,formatCurrency
FN:177,formatDate
FNF:9
FNH:0
FNDA:0,createInvoice
FNDA:0,generateHeader
FNDA:0,generateCustomerInformation
FNDA:0,generateInvoiceTable
FNDA:0,generateFooter
FNDA:0,generateTableRow
FNDA:0,generateHr
FNDA:0,formatCurrency
FNDA:0,formatDate
DA:1,1
DA:2,1
DA:3,1
DA:6,0
DA:8,0
DA:9,0
DA:10,0
DA:11,0
DA:13,0
DA:14,0
DA:18,0
DA:32,0
DA:37,0
DA:39,0
DA:41,0
DA:62,0
DA:66,0
DA:68,0
DA:69,0
DA:78,0
DA:79,0
DA:81,0
DA:82,0
DA:92,0
DA:94,0
DA:95,0
DA:131,0
DA:150,0
DA:160,0
DA:169,0
DA:174,0
DA:178,0
DA:179,0
DA:180,0
DA:182,0
DA:185,1
LF:36
LH:4
BRF:0
BRH:0
end_of_record
TN:
SF:src\helpers\jwt.js
FN:11,createToken
FN:21,verifyToken
FNF:2
FNH:1
FNDA:1,createToken
FNDA:0,verifyToken
DA:1,1
DA:2,1
DA:12,1
DA:22,0
DA:25,1
LF:5
LH:4
BRF:0
BRH:0
end_of_record
TN:
SF:src\helpers\xlsx.js
FN:3,generateXLSX
FN:16,readXLSX
FNF:2
FNH:0
FNDA:0,generateXLSX
FNDA:0,readXLSX
DA:1,1
DA:4,0
DA:5,0
DA:7,0
DA:9,0
DA:11,0
DA:12,0
DA:17,0
DA:18,0
DA:19,0
DA:22,1
LF:11
LH:2
BRF:0
BRH:0
end_of_record
TN:
SF:src\helpers\errors\base.js
FN:2,(anonymous_0)
FNF:1
FNH:0
FNDA:0,(anonymous_0)
DA:3,0
DA:4,0
DA:5,0
DA:9,1
LF:4
LH:1
BRF:0
BRH:0
end_of_record
TN:
SF:src\helpers\errors\index.js
FNF:0
FNH:0
DA:2,1
DA:3,1
DA:4,1
DA:5,1
LF:4
LH:4
BRF:0
BRH:0
end_of_record
TN:
SF:src\helpers\errors\notFound.js
FN:2,(anonymous_0)
FNF:1
FNH:0
FNDA:0,(anonymous_0)
DA:3,0
DA:4,0
DA:5,0
DA:6,0
DA:10,1
LF:5
LH:1
BRDA:2,0,0,0
BRDA:6,1,0,0
BRDA:6,1,1,0
BRF:3
BRH:0
end_of_record
TN:
SF:src\helpers\errors\server.js
FN:2,(anonymous_0)
FNF:1
FNH:0
FNDA:0,(anonymous_0)
DA:3,0
DA:4,0
DA:6,0
DA:7,0
DA:11,1
LF:5
LH:1
BRDA:2,0,0,0
BRF:1
BRH:0
end_of_record
TN:
SF:src\helpers\errors\validation.js
FN:2,(anonymous_0)
FNF:1
FNH:1
FNDA:2,(anonymous_0)
DA:3,2
DA:4,2
DA:5,2
DA:9,1
LF:4
LH:4
BRDA:2,0,0,0
BRF:1
BRH:0
end_of_record
TN:
SF:src\middlewares\authorization.js
FN:5,authorize
FN:20,checkRole
FN:21,(anonymous_2)
FNF:3
FNH:1
FNDA:0,authorize
FNDA:2,checkRole
FNDA:0,(anonymous_2)
DA:1,1
DA:2,1
DA:3,1
DA:6,0
DA:7,0
DA:8,0
DA:9,0
DA:10,0
DA:12,0
DA:13,0
DA:15,0
DA:16,0
DA:21,2
DA:22,0
DA:23,0
DA:24,0
DA:28,1
LF:17
LH:5
BRDA:8,0,0,0
BRDA:8,0,1,0
BRDA:22,1,0,0
BRDA:22,1,1,0
BRF:4
BRH:0
end_of_record
TN:
SF:src\middlewares\errorHandler.js
FN:1,errorHandler
FNF:1
FNH:1
FNDA:2,errorHandler
DA:2,2
DA:5,2
DA:10,2
DA:17,1
LF:4
LH:4
BRDA:2,0,0,2
BRDA:2,0,1,2
BRDA:5,1,0,0
BRF:3
BRH:2
end_of_record
TN:
SF:src\middlewares\rbac.js
FN:6,rbac
FN:7,(anonymous_1)
FNF:2
FNH:1
FNDA:2,rbac
FNDA:0,(anonymous_1)
DA:2,1
DA:3,1
DA:4,1
DA:7,2
DA:8,0
DA:9,0
DA:10,0
DA:24,0
DA:26,0
DA:27,0
DA:31,1
LF:11
LH:5
BRDA:9,0,0,0
BRDA:9,0,1,0
BRDA:26,1,0,0
BRDA:26,1,1,0
BRF:4
BRH:0
end_of_record
TN:
SF:src\middlewares\upload.js
FN:9,(anonymous_0)
FN:12,(anonymous_1)
FNF:2
FNH:0
FNDA:0,(anonymous_0)
FNDA:0,(anonymous_1)
DA:1,1
DA:2,1
DA:4,1
DA:5,1
DA:7,1
DA:8,1
DA:10,0
DA:13,0
DA:14,0
DA:15,0
DA:19,1
LF:11
LH:7
BRF:0
BRH:0
end_of_record
TN:
SF:src\middlewares\validation.js
FN:1,validation
FN:2,(anonymous_1)
FN:13,(anonymous_2)
FNF:3
FNH:2
FNDA:7,validation
FNDA:4,(anonymous_1)
FNDA:0,(anonymous_2)
DA:2,7
DA:3,4
DA:4,4
DA:7,4
DA:8,0
DA:11,4
DA:13,0
DA:14,0
DA:15,0
DA:16,0
DA:18,0
DA:20,0
DA:25,1
LF:13
LH:6
BRDA:7,0,0,0
BRDA:7,0,1,4
BRF:2
BRH:1
end_of_record
TN:
SF:src\models\access.js
FN:4,(anonymous_0)
FNF:1
FNH:1
FNDA:1,(anonymous_0)
DA:1,1
DA:5,1
DA:6,1
DA:16,1
LF:4
LH:4
BRF:0
BRH:0
end_of_record
TN:
SF:src\models\base.js
FN:8,(anonymous_0)
FN:13,(anonymous_1)
FN:36,(anonymous_2)
FN:40,(anonymous_3)
FN:44,(anonymous_4)
FN:48,(anonymous_5)
FN:52,(anonymous_6)
FN:59,(anonymous_7)
FN:65,(anonymous_8)
FN:69,(anonymous_9)
FNF:10
FNH:3
FNDA:7,(anonymous_0)
FNDA:0,(anonymous_1)
FNDA:0,(anonymous_2)
FNDA:4,(anonymous_3)
FNDA:1,(anonymous_4)
FNDA:0,(anonymous_5)
FNDA:0,(anonymous_6)
FNDA:0,(anonymous_7)
FNDA:0,(anonymous_8)
FNDA:0,(anonymous_9)
DA:1,1
DA:2,1
DA:9,7
DA:10,7
DA:13,7
DA:14,0
DA:15,0
DA:25,0
DA:30,0
DA:36,7
DA:37,0
DA:40,7
DA:41,4
DA:44,7
DA:45,1
DA:48,7
DA:49,0
DA:52,7
DA:53,0
DA:59,7
DA:60,0
DA:65,7
DA:66,0
DA:69,7
DA:70,0
DA:74,1
LF:26
LH:16
BRDA:13,0,0,0
BRDA:13,1,0,0
BRDA:13,2,0,0
BRF:3
BRH:0
end_of_record
TN:
SF:src\models\cars.js
FN:5,(anonymous_0)
FNF:1
FNH:1
FNDA:2,(anonymous_0)
DA:1,1
DA:6,2
DA:7,2
DA:19,1
LF:4
LH:4
BRF:0
BRH:0
end_of_record
TN:
SF:src\models\order.js
FN:5,(anonymous_0)
FNF:1
FNH:1
FNDA:1,(anonymous_0)
DA:1,1
DA:6,1
DA:7,1
DA:21,1
LF:4
LH:4
BRF:0
BRH:0
end_of_record
TN:
SF:src\models\user.js
FN:5,(anonymous_0)
FNF:1
FNH:1
FNDA:3,(anonymous_0)
DA:1,1
DA:6,3
DA:7,3
DA:18,1
LF:4
LH:4
BRF:0
BRH:0
end_of_record
TN:
SF:src\routes\index.js
FNF:0
FNH:0
DA:1,1
DA:2,1
DA:3,1
DA:4,1
DA:5,1
DA:6,1
DA:8,1
DA:9,1
DA:10,1
DA:11,1
DA:12,1
DA:13,1
DA:15,1
LF:13
LH:13
BRF:0
BRH:0
end_of_record
